{"numFailedTestSuites":13,"numFailedTests":41,"numPassedTestSuites":4,"numPassedTests":66,"numPendingTestSuites":0,"numPendingTests":4,"numRuntimeErrorTestSuites":8,"numTodoTests":0,"numTotalTestSuites":17,"numTotalTests":111,"openHandles":[],"snapshot":{"added":0,"didUpdate":false,"failure":false,"filesAdded":0,"filesRemoved":0,"filesRemovedList":[],"filesUnmatched":0,"filesUpdated":0,"matched":0,"total":0,"unchecked":0,"uncheckedKeysByFile":[],"unmatched":0,"updated":0},"startTime":1757084519143,"success":false,"testResults":[{"assertionResults":[],"coverage":{},"endTime":1757084643710,"message":"  ● Test suite failed to run\n\n    Cannot find module '@typespec/ts-http-runtime/internal/logger' from 'server/node_modules/@azure/logger/dist/commonjs/index.js'\n\n    Require stack:\n      server/node_modules/@azure/logger/dist/commonjs/index.js\n      server/node_modules/@azure/identity/dist/commonjs/util/logging.js\n      server/node_modules/@azure/identity/dist/commonjs/credentials/visualStudioCodeCredential.js\n      server/node_modules/@azure/identity/dist/commonjs/plugins/consumer.js\n      server/node_modules/@azure/identity/dist/commonjs/index.js\n      server/node_modules/tedious/lib/connection.js\n      server/node_modules/tedious/lib/tedious.js\n      server/node_modules/mssql/lib/tedious/connection-pool.js\n      server/node_modules/mssql/lib/tedious/index.js\n      server/node_modules/mssql/index.js\n      server/models/Service.js\n      server/utils/testUtils.js\n      server/tests/examples/realIntegrationExample.test.js\n\n      at Resolver.resolveModule (node_modules/jest-resolve/build/resolver.js:324:11)\n      at Object.<anonymous> (server/node_modules/@azure/logger/src/index.ts:4:1)\n      at Object.<anonymous> (server/node_modules/@azure/identity/src/util/logging.ts:5:1)\n      at Object.<anonymous> (server/node_modules/@azure/identity/src/credentials/visualStudioCodeCredential.ts:5:1)\n      at Object.<anonymous> (server/node_modules/@azure/identity/src/plugins/consumer.ts:10:1)\n      at Object.<anonymous> (server/node_modules/@azure/identity/src/index.ts:4:1)\n      at Object.<anonymous> (server/node_modules/tedious/src/connection.ts:12:1)\n      at Object.<anonymous> (server/node_modules/tedious/src/tedious.ts:2:1)\n      at Object.<anonymous> (server/node_modules/mssql/lib/tedious/connection-pool.js:3:13)\n      at Object.<anonymous> (server/node_modules/mssql/lib/tedious/index.js:4:24)\n","name":"C:\\Users\\Jestin\\nectar-api\\server\\tests\\examples\\realIntegrationExample.test.js","startTime":1757084643710,"status":"failed","summary":""},{"assertionResults":[],"coverage":{},"endTime":1757084643710,"message":"  ● Test suite failed to run\n\n    Cannot find module '@typespec/ts-http-runtime/internal/logger' from 'server/node_modules/@azure/logger/dist/commonjs/index.js'\n\n    Require stack:\n      server/node_modules/@azure/logger/dist/commonjs/index.js\n      server/node_modules/@azure/identity/dist/commonjs/util/logging.js\n      server/node_modules/@azure/identity/dist/commonjs/credentials/visualStudioCodeCredential.js\n      server/node_modules/@azure/identity/dist/commonjs/plugins/consumer.js\n      server/node_modules/@azure/identity/dist/commonjs/index.js\n      server/node_modules/tedious/lib/connection.js\n      server/node_modules/tedious/lib/tedious.js\n      server/node_modules/mssql/lib/tedious/connection-pool.js\n      server/node_modules/mssql/lib/tedious/index.js\n      server/node_modules/mssql/index.js\n      server/models/Service.js\n      server/utils/testUtils.js\n      server/tests/integration/realIntegrationExample.test.js\n\n      at Resolver.resolveModule (node_modules/jest-resolve/build/resolver.js:324:11)\n      at Object.<anonymous> (server/node_modules/@azure/logger/src/index.ts:4:1)\n      at Object.<anonymous> (server/node_modules/@azure/identity/src/util/logging.ts:5:1)\n      at Object.<anonymous> (server/node_modules/@azure/identity/src/credentials/visualStudioCodeCredential.ts:5:1)\n      at Object.<anonymous> (server/node_modules/@azure/identity/src/plugins/consumer.ts:10:1)\n      at Object.<anonymous> (server/node_modules/@azure/identity/src/index.ts:4:1)\n      at Object.<anonymous> (server/node_modules/tedious/src/connection.ts:12:1)\n      at Object.<anonymous> (server/node_modules/tedious/src/tedious.ts:2:1)\n      at Object.<anonymous> (server/node_modules/mssql/lib/tedious/connection-pool.js:3:13)\n      at Object.<anonymous> (server/node_modules/mssql/lib/tedious/index.js:4:24)\n","name":"C:\\Users\\Jestin\\nectar-api\\server\\tests\\integration\\realIntegrationExample.test.js","startTime":1757084643710,"status":"failed","summary":""},{"assertionResults":[{"ancestorTitles":["Authentication Service - Complete Test Suite","Basic Token Operations - Real Implementation"],"failureMessages":["Error: thrown: \"Exceeded timeout of 5000 ms for a hook.\nUse jest.setTimeout(newTimeout) to increase the timeout value, if this is a long-running test.\"\n    at C:\\Users\\Jestin\\nectar-api\\server\\tests\\auth\\authentication.test.js:32:3\n    at _dispatchDescribe (C:\\Users\\Jestin\\nectar-api\\node_modules\\jest-circus\\build\\index.js:98:26)\n    at describe (C:\\Users\\Jestin\\nectar-api\\node_modules\\jest-circus\\build\\index.js:60:5)\n    at Object.<anonymous> (C:\\Users\\Jestin\\nectar-api\\server\\tests\\auth\\authentication.test.js:28:1)\n    at Runtime._execModule (C:\\Users\\Jestin\\nectar-api\\node_modules\\jest-runtime\\build\\index.js:1646:24)\n    at Runtime._loadModule (C:\\Users\\Jestin\\nectar-api\\node_modules\\jest-runtime\\build\\index.js:1185:12)\n    at Runtime.requireModule (C:\\Users\\Jestin\\nectar-api\\node_modules\\jest-runtime\\build\\index.js:1009:12)\n    at jestAdapter (C:\\Users\\Jestin\\nectar-api\\node_modules\\jest-circus\\build\\legacy-code-todo-rewrite\\jestAdapter.js:79:13)\n    at runTestInternal (C:\\Users\\Jestin\\nectar-api\\node_modules\\jest-runner\\build\\runTest.js:389:16)\n    at runTest (C:\\Users\\Jestin\\nectar-api\\node_modules\\jest-runner\\build\\runTest.js:475:34)"],"fullName":"Authentication Service - Complete Test Suite Basic Token Operations - Real Implementation should generate tokens with correct format","location":null,"status":"failed","title":"should generate tokens with correct format"},{"ancestorTitles":["Authentication Service - Complete Test Suite","Basic Token Operations - Real Implementation"],"failureMessages":["Error: thrown: \"Exceeded timeout of 5000 ms for a hook.\nUse jest.setTimeout(newTimeout) to increase the timeout value, if this is a long-running test.\"\n    at C:\\Users\\Jestin\\nectar-api\\server\\tests\\auth\\authentication.test.js:32:3\n    at _dispatchDescribe (C:\\Users\\Jestin\\nectar-api\\node_modules\\jest-circus\\build\\index.js:98:26)\n    at describe (C:\\Users\\Jestin\\nectar-api\\node_modules\\jest-circus\\build\\index.js:60:5)\n    at Object.<anonymous> (C:\\Users\\Jestin\\nectar-api\\server\\tests\\auth\\authentication.test.js:28:1)\n    at Runtime._execModule (C:\\Users\\Jestin\\nectar-api\\node_modules\\jest-runtime\\build\\index.js:1646:24)\n    at Runtime._loadModule (C:\\Users\\Jestin\\nectar-api\\node_modules\\jest-runtime\\build\\index.js:1185:12)\n    at Runtime.requireModule (C:\\Users\\Jestin\\nectar-api\\node_modules\\jest-runtime\\build\\index.js:1009:12)\n    at jestAdapter (C:\\Users\\Jestin\\nectar-api\\node_modules\\jest-circus\\build\\legacy-code-todo-rewrite\\jestAdapter.js:79:13)\n    at runTestInternal (C:\\Users\\Jestin\\nectar-api\\node_modules\\jest-runner\\build\\runTest.js:389:16)\n    at runTest (C:\\Users\\Jestin\\nectar-api\\node_modules\\jest-runner\\build\\runTest.js:475:34)"],"fullName":"Authentication Service - Complete Test Suite Basic Token Operations - Real Implementation should validate legitimate tokens (returns decoded token)","location":null,"status":"failed","title":"should validate legitimate tokens (returns decoded token)"},{"ancestorTitles":["Authentication Service - Complete Test Suite","Basic Token Operations - Real Implementation"],"failureMessages":["Error: thrown: \"Exceeded timeout of 5000 ms for a hook.\nUse jest.setTimeout(newTimeout) to increase the timeout value, if this is a long-running test.\"\n    at C:\\Users\\Jestin\\nectar-api\\server\\tests\\auth\\authentication.test.js:32:3\n    at _dispatchDescribe (C:\\Users\\Jestin\\nectar-api\\node_modules\\jest-circus\\build\\index.js:98:26)\n    at describe (C:\\Users\\Jestin\\nectar-api\\node_modules\\jest-circus\\build\\index.js:60:5)\n    at Object.<anonymous> (C:\\Users\\Jestin\\nectar-api\\server\\tests\\auth\\authentication.test.js:28:1)\n    at Runtime._execModule (C:\\Users\\Jestin\\nectar-api\\node_modules\\jest-runtime\\build\\index.js:1646:24)\n    at Runtime._loadModule (C:\\Users\\Jestin\\nectar-api\\node_modules\\jest-runtime\\build\\index.js:1185:12)\n    at Runtime.requireModule (C:\\Users\\Jestin\\nectar-api\\node_modules\\jest-runtime\\build\\index.js:1009:12)\n    at jestAdapter (C:\\Users\\Jestin\\nectar-api\\node_modules\\jest-circus\\build\\legacy-code-todo-rewrite\\jestAdapter.js:79:13)\n    at runTestInternal (C:\\Users\\Jestin\\nectar-api\\node_modules\\jest-runner\\build\\runTest.js:389:16)\n    at runTest (C:\\Users\\Jestin\\nectar-api\\node_modules\\jest-runner\\build\\runTest.js:475:34)"],"fullName":"Authentication Service - Complete Test Suite Basic Token Operations - Real Implementation should reject invalid tokens (throws error)","location":null,"status":"failed","title":"should reject invalid tokens (throws error)"},{"ancestorTitles":["Authentication Service - Complete Test Suite","Basic Token Operations - Real Implementation"],"failureMessages":["Error: thrown: \"Exceeded timeout of 5000 ms for a hook.\nUse jest.setTimeout(newTimeout) to increase the timeout value, if this is a long-running test.\"\n    at C:\\Users\\Jestin\\nectar-api\\server\\tests\\auth\\authentication.test.js:32:3\n    at _dispatchDescribe (C:\\Users\\Jestin\\nectar-api\\node_modules\\jest-circus\\build\\index.js:98:26)\n    at describe (C:\\Users\\Jestin\\nectar-api\\node_modules\\jest-circus\\build\\index.js:60:5)\n    at Object.<anonymous> (C:\\Users\\Jestin\\nectar-api\\server\\tests\\auth\\authentication.test.js:28:1)\n    at Runtime._execModule (C:\\Users\\Jestin\\nectar-api\\node_modules\\jest-runtime\\build\\index.js:1646:24)\n    at Runtime._loadModule (C:\\Users\\Jestin\\nectar-api\\node_modules\\jest-runtime\\build\\index.js:1185:12)\n    at Runtime.requireModule (C:\\Users\\Jestin\\nectar-api\\node_modules\\jest-runtime\\build\\index.js:1009:12)\n    at jestAdapter (C:\\Users\\Jestin\\nectar-api\\node_modules\\jest-circus\\build\\legacy-code-todo-rewrite\\jestAdapter.js:79:13)\n    at runTestInternal (C:\\Users\\Jestin\\nectar-api\\node_modules\\jest-runner\\build\\runTest.js:389:16)\n    at runTest (C:\\Users\\Jestin\\nectar-api\\node_modules\\jest-runner\\build\\runTest.js:475:34)"],"fullName":"Authentication Service - Complete Test Suite Basic Token Operations - Real Implementation should reject tokens with wrong signature","location":null,"status":"failed","title":"should reject tokens with wrong signature"},{"ancestorTitles":["Authentication Service - Complete Test Suite","Basic Token Operations - Real Implementation"],"failureMessages":["Error: thrown: \"Exceeded timeout of 5000 ms for a hook.\nUse jest.setTimeout(newTimeout) to increase the timeout value, if this is a long-running test.\"\n    at C:\\Users\\Jestin\\nectar-api\\server\\tests\\auth\\authentication.test.js:32:3\n    at _dispatchDescribe (C:\\Users\\Jestin\\nectar-api\\node_modules\\jest-circus\\build\\index.js:98:26)\n    at describe (C:\\Users\\Jestin\\nectar-api\\node_modules\\jest-circus\\build\\index.js:60:5)\n    at Object.<anonymous> (C:\\Users\\Jestin\\nectar-api\\server\\tests\\auth\\authentication.test.js:28:1)\n    at Runtime._execModule (C:\\Users\\Jestin\\nectar-api\\node_modules\\jest-runtime\\build\\index.js:1646:24)\n    at Runtime._loadModule (C:\\Users\\Jestin\\nectar-api\\node_modules\\jest-runtime\\build\\index.js:1185:12)\n    at Runtime.requireModule (C:\\Users\\Jestin\\nectar-api\\node_modules\\jest-runtime\\build\\index.js:1009:12)\n    at jestAdapter (C:\\Users\\Jestin\\nectar-api\\node_modules\\jest-circus\\build\\legacy-code-todo-rewrite\\jestAdapter.js:79:13)\n    at runTestInternal (C:\\Users\\Jestin\\nectar-api\\node_modules\\jest-runner\\build\\runTest.js:389:16)\n    at runTest (C:\\Users\\Jestin\\nectar-api\\node_modules\\jest-runner\\build\\runTest.js:475:34)"],"fullName":"Authentication Service - Complete Test Suite Basic Token Operations - Real Implementation should blacklist tokens correctly","location":null,"status":"failed","title":"should blacklist tokens correctly"},{"ancestorTitles":["Authentication Service - Complete Test Suite","Password and User Model Integration"],"failureMessages":["Error: thrown: \"Exceeded timeout of 5000 ms for a hook.\nUse jest.setTimeout(newTimeout) to increase the timeout value, if this is a long-running test.\"\n    at C:\\Users\\Jestin\\nectar-api\\server\\tests\\auth\\authentication.test.js:32:3\n    at _dispatchDescribe (C:\\Users\\Jestin\\nectar-api\\node_modules\\jest-circus\\build\\index.js:98:26)\n    at describe (C:\\Users\\Jestin\\nectar-api\\node_modules\\jest-circus\\build\\index.js:60:5)\n    at Object.<anonymous> (C:\\Users\\Jestin\\nectar-api\\server\\tests\\auth\\authentication.test.js:28:1)\n    at Runtime._execModule (C:\\Users\\Jestin\\nectar-api\\node_modules\\jest-runtime\\build\\index.js:1646:24)\n    at Runtime._loadModule (C:\\Users\\Jestin\\nectar-api\\node_modules\\jest-runtime\\build\\index.js:1185:12)\n    at Runtime.requireModule (C:\\Users\\Jestin\\nectar-api\\node_modules\\jest-runtime\\build\\index.js:1009:12)\n    at jestAdapter (C:\\Users\\Jestin\\nectar-api\\node_modules\\jest-circus\\build\\legacy-code-todo-rewrite\\jestAdapter.js:79:13)\n    at runTestInternal (C:\\Users\\Jestin\\nectar-api\\node_modules\\jest-runner\\build\\runTest.js:389:16)\n    at runTest (C:\\Users\\Jestin\\nectar-api\\node_modules\\jest-runner\\build\\runTest.js:475:34)"],"fullName":"Authentication Service - Complete Test Suite Password and User Model Integration should work with different password formats","location":null,"status":"failed","title":"should work with different password formats"},{"ancestorTitles":["Authentication Service - Complete Test Suite","Password and User Model Integration"],"failureMessages":["Error: thrown: \"Exceeded timeout of 5000 ms for a hook.\nUse jest.setTimeout(newTimeout) to increase the timeout value, if this is a long-running test.\"\n    at C:\\Users\\Jestin\\nectar-api\\server\\tests\\auth\\authentication.test.js:32:3\n    at _dispatchDescribe (C:\\Users\\Jestin\\nectar-api\\node_modules\\jest-circus\\build\\index.js:98:26)\n    at describe (C:\\Users\\Jestin\\nectar-api\\node_modules\\jest-circus\\build\\index.js:60:5)\n    at Object.<anonymous> (C:\\Users\\Jestin\\nectar-api\\server\\tests\\auth\\authentication.test.js:28:1)\n    at Runtime._execModule (C:\\Users\\Jestin\\nectar-api\\node_modules\\jest-runtime\\build\\index.js:1646:24)\n    at Runtime._loadModule (C:\\Users\\Jestin\\nectar-api\\node_modules\\jest-runtime\\build\\index.js:1185:12)\n    at Runtime.requireModule (C:\\Users\\Jestin\\nectar-api\\node_modules\\jest-runtime\\build\\index.js:1009:12)\n    at jestAdapter (C:\\Users\\Jestin\\nectar-api\\node_modules\\jest-circus\\build\\legacy-code-todo-rewrite\\jestAdapter.js:79:13)\n    at runTestInternal (C:\\Users\\Jestin\\nectar-api\\node_modules\\jest-runner\\build\\runTest.js:389:16)\n    at runTest (C:\\Users\\Jestin\\nectar-api\\node_modules\\jest-runner\\build\\runTest.js:475:34)"],"fullName":"Authentication Service - Complete Test Suite Password and User Model Integration should handle bcrypt hash comparison","location":null,"status":"failed","title":"should handle bcrypt hash comparison"},{"ancestorTitles":["Authentication Service - Complete Test Suite","Database Operations"],"failureMessages":["Error: thrown: \"Exceeded timeout of 5000 ms for a hook.\nUse jest.setTimeout(newTimeout) to increase the timeout value, if this is a long-running test.\"\n    at C:\\Users\\Jestin\\nectar-api\\server\\tests\\auth\\authentication.test.js:32:3\n    at _dispatchDescribe (C:\\Users\\Jestin\\nectar-api\\node_modules\\jest-circus\\build\\index.js:98:26)\n    at describe (C:\\Users\\Jestin\\nectar-api\\node_modules\\jest-circus\\build\\index.js:60:5)\n    at Object.<anonymous> (C:\\Users\\Jestin\\nectar-api\\server\\tests\\auth\\authentication.test.js:28:1)\n    at Runtime._execModule (C:\\Users\\Jestin\\nectar-api\\node_modules\\jest-runtime\\build\\index.js:1646:24)\n    at Runtime._loadModule (C:\\Users\\Jestin\\nectar-api\\node_modules\\jest-runtime\\build\\index.js:1185:12)\n    at Runtime.requireModule (C:\\Users\\Jestin\\nectar-api\\node_modules\\jest-runtime\\build\\index.js:1009:12)\n    at jestAdapter (C:\\Users\\Jestin\\nectar-api\\node_modules\\jest-circus\\build\\legacy-code-todo-rewrite\\jestAdapter.js:79:13)\n    at runTestInternal (C:\\Users\\Jestin\\nectar-api\\node_modules\\jest-runner\\build\\runTest.js:389:16)\n    at runTest (C:\\Users\\Jestin\\nectar-api\\node_modules\\jest-runner\\build\\runTest.js:475:34)"],"fullName":"Authentication Service - Complete Test Suite Database Operations should perform real MongoDB CRUD operations","location":null,"status":"failed","title":"should perform real MongoDB CRUD operations"},{"ancestorTitles":["Authentication Service - Complete Test Suite","Database Operations"],"failureMessages":["Error: thrown: \"Exceeded timeout of 5000 ms for a hook.\nUse jest.setTimeout(newTimeout) to increase the timeout value, if this is a long-running test.\"\n    at C:\\Users\\Jestin\\nectar-api\\server\\tests\\auth\\authentication.test.js:32:3\n    at _dispatchDescribe (C:\\Users\\Jestin\\nectar-api\\node_modules\\jest-circus\\build\\index.js:98:26)\n    at describe (C:\\Users\\Jestin\\nectar-api\\node_modules\\jest-circus\\build\\index.js:60:5)\n    at Object.<anonymous> (C:\\Users\\Jestin\\nectar-api\\server\\tests\\auth\\authentication.test.js:28:1)\n    at Runtime._execModule (C:\\Users\\Jestin\\nectar-api\\node_modules\\jest-runtime\\build\\index.js:1646:24)\n    at Runtime._loadModule (C:\\Users\\Jestin\\nectar-api\\node_modules\\jest-runtime\\build\\index.js:1185:12)\n    at Runtime.requireModule (C:\\Users\\Jestin\\nectar-api\\node_modules\\jest-runtime\\build\\index.js:1009:12)\n    at jestAdapter (C:\\Users\\Jestin\\nectar-api\\node_modules\\jest-circus\\build\\legacy-code-todo-rewrite\\jestAdapter.js:79:13)\n    at runTestInternal (C:\\Users\\Jestin\\nectar-api\\node_modules\\jest-runner\\build\\runTest.js:389:16)\n    at runTest (C:\\Users\\Jestin\\nectar-api\\node_modules\\jest-runner\\build\\runTest.js:475:34)"],"fullName":"Authentication Service - Complete Test Suite Database Operations should handle multiple concurrent token operations","location":null,"status":"failed","title":"should handle multiple concurrent token operations"},{"ancestorTitles":["Authentication Service - Complete Test Suite","Error Handling and Edge Cases"],"failureMessages":["Error: thrown: \"Exceeded timeout of 5000 ms for a hook.\nUse jest.setTimeout(newTimeout) to increase the timeout value, if this is a long-running test.\"\n    at C:\\Users\\Jestin\\nectar-api\\server\\tests\\auth\\authentication.test.js:32:3\n    at _dispatchDescribe (C:\\Users\\Jestin\\nectar-api\\node_modules\\jest-circus\\build\\index.js:98:26)\n    at describe (C:\\Users\\Jestin\\nectar-api\\node_modules\\jest-circus\\build\\index.js:60:5)\n    at Object.<anonymous> (C:\\Users\\Jestin\\nectar-api\\server\\tests\\auth\\authentication.test.js:28:1)\n    at Runtime._execModule (C:\\Users\\Jestin\\nectar-api\\node_modules\\jest-runtime\\build\\index.js:1646:24)\n    at Runtime._loadModule (C:\\Users\\Jestin\\nectar-api\\node_modules\\jest-runtime\\build\\index.js:1185:12)\n    at Runtime.requireModule (C:\\Users\\Jestin\\nectar-api\\node_modules\\jest-runtime\\build\\index.js:1009:12)\n    at jestAdapter (C:\\Users\\Jestin\\nectar-api\\node_modules\\jest-circus\\build\\legacy-code-todo-rewrite\\jestAdapter.js:79:13)\n    at runTestInternal (C:\\Users\\Jestin\\nectar-api\\node_modules\\jest-runner\\build\\runTest.js:389:16)\n    at runTest (C:\\Users\\Jestin\\nectar-api\\node_modules\\jest-runner\\build\\runTest.js:475:34)"],"fullName":"Authentication Service - Complete Test Suite Error Handling and Edge Cases should handle token refresh properly","location":null,"status":"failed","title":"should handle token refresh properly"},{"ancestorTitles":["Authentication Service - Complete Test Suite","Error Handling and Edge Cases"],"failureMessages":["Error: thrown: \"Exceeded timeout of 5000 ms for a hook.\nUse jest.setTimeout(newTimeout) to increase the timeout value, if this is a long-running test.\"\n    at C:\\Users\\Jestin\\nectar-api\\server\\tests\\auth\\authentication.test.js:32:3\n    at _dispatchDescribe (C:\\Users\\Jestin\\nectar-api\\node_modules\\jest-circus\\build\\index.js:98:26)\n    at describe (C:\\Users\\Jestin\\nectar-api\\node_modules\\jest-circus\\build\\index.js:60:5)\n    at Object.<anonymous> (C:\\Users\\Jestin\\nectar-api\\server\\tests\\auth\\authentication.test.js:28:1)\n    at Runtime._execModule (C:\\Users\\Jestin\\nectar-api\\node_modules\\jest-runtime\\build\\index.js:1646:24)\n    at Runtime._loadModule (C:\\Users\\Jestin\\nectar-api\\node_modules\\jest-runtime\\build\\index.js:1185:12)\n    at Runtime.requireModule (C:\\Users\\Jestin\\nectar-api\\node_modules\\jest-runtime\\build\\index.js:1009:12)\n    at jestAdapter (C:\\Users\\Jestin\\nectar-api\\node_modules\\jest-circus\\build\\legacy-code-todo-rewrite\\jestAdapter.js:79:13)\n    at runTestInternal (C:\\Users\\Jestin\\nectar-api\\node_modules\\jest-runner\\build\\runTest.js:389:16)\n    at runTest (C:\\Users\\Jestin\\nectar-api\\node_modules\\jest-runner\\build\\runTest.js:475:34)"],"fullName":"Authentication Service - Complete Test Suite Error Handling and Edge Cases should handle expired tokens","location":null,"status":"failed","title":"should handle expired tokens"},{"ancestorTitles":["Authentication Service - Complete Test Suite","Error Handling and Edge Cases"],"failureMessages":["Error: thrown: \"Exceeded timeout of 5000 ms for a hook.\nUse jest.setTimeout(newTimeout) to increase the timeout value, if this is a long-running test.\"\n    at C:\\Users\\Jestin\\nectar-api\\server\\tests\\auth\\authentication.test.js:32:3\n    at _dispatchDescribe (C:\\Users\\Jestin\\nectar-api\\node_modules\\jest-circus\\build\\index.js:98:26)\n    at describe (C:\\Users\\Jestin\\nectar-api\\node_modules\\jest-circus\\build\\index.js:60:5)\n    at Object.<anonymous> (C:\\Users\\Jestin\\nectar-api\\server\\tests\\auth\\authentication.test.js:28:1)\n    at Runtime._execModule (C:\\Users\\Jestin\\nectar-api\\node_modules\\jest-runtime\\build\\index.js:1646:24)\n    at Runtime._loadModule (C:\\Users\\Jestin\\nectar-api\\node_modules\\jest-runtime\\build\\index.js:1185:12)\n    at Runtime.requireModule (C:\\Users\\Jestin\\nectar-api\\node_modules\\jest-runtime\\build\\index.js:1009:12)\n    at jestAdapter (C:\\Users\\Jestin\\nectar-api\\node_modules\\jest-circus\\build\\legacy-code-todo-rewrite\\jestAdapter.js:79:13)\n    at runTestInternal (C:\\Users\\Jestin\\nectar-api\\node_modules\\jest-runner\\build\\runTest.js:389:16)\n    at runTest (C:\\Users\\Jestin\\nectar-api\\node_modules\\jest-runner\\build\\runTest.js:475:34)"],"fullName":"Authentication Service - Complete Test Suite Error Handling and Edge Cases should handle malformed token gracefully","location":null,"status":"failed","title":"should handle malformed token gracefully"}],"coverage":{},"endTime":1757084643710,"message":"  ● Authentication Service - Complete Test Suite › Basic Token Operations - Real Implementation › should generate tokens with correct format\n\n    thrown: \"Exceeded timeout of 5000 ms for a hook.\n    Use jest.setTimeout(newTimeout) to increase the timeout value, if this is a long-running test.\"\n\n    \u001b[0m \u001b[90m 30 |\u001b[39m   \u001b[36mlet\u001b[39m testUser\u001b[33m;\u001b[39m\n     \u001b[90m 31 |\u001b[39m\n    \u001b[31m\u001b[1m>\u001b[22m\u001b[39m\u001b[90m 32 |\u001b[39m   beforeAll(\u001b[36masync\u001b[39m () \u001b[33m=>\u001b[39m {\n     \u001b[90m    |\u001b[39m   \u001b[31m\u001b[1m^\u001b[22m\u001b[39m\n     \u001b[90m 33 |\u001b[39m     mongoServer \u001b[33m=\u001b[39m \u001b[36mawait\u001b[39m \u001b[33mMongoMemoryServer\u001b[39m\u001b[33m.\u001b[39mcreate()\u001b[33m;\u001b[39m\n     \u001b[90m 34 |\u001b[39m     \u001b[36mconst\u001b[39m uri \u001b[33m=\u001b[39m mongoServer\u001b[33m.\u001b[39mgetUri()\u001b[33m;\u001b[39m\n     \u001b[90m 35 |\u001b[39m     \u001b[36mawait\u001b[39m mongoose\u001b[33m.\u001b[39mconnect(uri)\u001b[33m;\u001b[39m\u001b[0m\n\n      at server/tests/auth/authentication.test.js:32:3\n      at Object.<anonymous> (server/tests/auth/authentication.test.js:28:1)\n\n  ● Authentication Service - Complete Test Suite › Basic Token Operations - Real Implementation › should validate legitimate tokens (returns decoded token)\n\n    thrown: \"Exceeded timeout of 5000 ms for a hook.\n    Use jest.setTimeout(newTimeout) to increase the timeout value, if this is a long-running test.\"\n\n    \u001b[0m \u001b[90m 30 |\u001b[39m   \u001b[36mlet\u001b[39m testUser\u001b[33m;\u001b[39m\n     \u001b[90m 31 |\u001b[39m\n    \u001b[31m\u001b[1m>\u001b[22m\u001b[39m\u001b[90m 32 |\u001b[39m   beforeAll(\u001b[36masync\u001b[39m () \u001b[33m=>\u001b[39m {\n     \u001b[90m    |\u001b[39m   \u001b[31m\u001b[1m^\u001b[22m\u001b[39m\n     \u001b[90m 33 |\u001b[39m     mongoServer \u001b[33m=\u001b[39m \u001b[36mawait\u001b[39m \u001b[33mMongoMemoryServer\u001b[39m\u001b[33m.\u001b[39mcreate()\u001b[33m;\u001b[39m\n     \u001b[90m 34 |\u001b[39m     \u001b[36mconst\u001b[39m uri \u001b[33m=\u001b[39m mongoServer\u001b[33m.\u001b[39mgetUri()\u001b[33m;\u001b[39m\n     \u001b[90m 35 |\u001b[39m     \u001b[36mawait\u001b[39m mongoose\u001b[33m.\u001b[39mconnect(uri)\u001b[33m;\u001b[39m\u001b[0m\n\n      at server/tests/auth/authentication.test.js:32:3\n      at Object.<anonymous> (server/tests/auth/authentication.test.js:28:1)\n\n  ● Authentication Service - Complete Test Suite › Basic Token Operations - Real Implementation › should reject invalid tokens (throws error)\n\n    thrown: \"Exceeded timeout of 5000 ms for a hook.\n    Use jest.setTimeout(newTimeout) to increase the timeout value, if this is a long-running test.\"\n\n    \u001b[0m \u001b[90m 30 |\u001b[39m   \u001b[36mlet\u001b[39m testUser\u001b[33m;\u001b[39m\n     \u001b[90m 31 |\u001b[39m\n    \u001b[31m\u001b[1m>\u001b[22m\u001b[39m\u001b[90m 32 |\u001b[39m   beforeAll(\u001b[36masync\u001b[39m () \u001b[33m=>\u001b[39m {\n     \u001b[90m    |\u001b[39m   \u001b[31m\u001b[1m^\u001b[22m\u001b[39m\n     \u001b[90m 33 |\u001b[39m     mongoServer \u001b[33m=\u001b[39m \u001b[36mawait\u001b[39m \u001b[33mMongoMemoryServer\u001b[39m\u001b[33m.\u001b[39mcreate()\u001b[33m;\u001b[39m\n     \u001b[90m 34 |\u001b[39m     \u001b[36mconst\u001b[39m uri \u001b[33m=\u001b[39m mongoServer\u001b[33m.\u001b[39mgetUri()\u001b[33m;\u001b[39m\n     \u001b[90m 35 |\u001b[39m     \u001b[36mawait\u001b[39m mongoose\u001b[33m.\u001b[39mconnect(uri)\u001b[33m;\u001b[39m\u001b[0m\n\n      at server/tests/auth/authentication.test.js:32:3\n      at Object.<anonymous> (server/tests/auth/authentication.test.js:28:1)\n\n  ● Authentication Service - Complete Test Suite › Basic Token Operations - Real Implementation › should reject tokens with wrong signature\n\n    thrown: \"Exceeded timeout of 5000 ms for a hook.\n    Use jest.setTimeout(newTimeout) to increase the timeout value, if this is a long-running test.\"\n\n    \u001b[0m \u001b[90m 30 |\u001b[39m   \u001b[36mlet\u001b[39m testUser\u001b[33m;\u001b[39m\n     \u001b[90m 31 |\u001b[39m\n    \u001b[31m\u001b[1m>\u001b[22m\u001b[39m\u001b[90m 32 |\u001b[39m   beforeAll(\u001b[36masync\u001b[39m () \u001b[33m=>\u001b[39m {\n     \u001b[90m    |\u001b[39m   \u001b[31m\u001b[1m^\u001b[22m\u001b[39m\n     \u001b[90m 33 |\u001b[39m     mongoServer \u001b[33m=\u001b[39m \u001b[36mawait\u001b[39m \u001b[33mMongoMemoryServer\u001b[39m\u001b[33m.\u001b[39mcreate()\u001b[33m;\u001b[39m\n     \u001b[90m 34 |\u001b[39m     \u001b[36mconst\u001b[39m uri \u001b[33m=\u001b[39m mongoServer\u001b[33m.\u001b[39mgetUri()\u001b[33m;\u001b[39m\n     \u001b[90m 35 |\u001b[39m     \u001b[36mawait\u001b[39m mongoose\u001b[33m.\u001b[39mconnect(uri)\u001b[33m;\u001b[39m\u001b[0m\n\n      at server/tests/auth/authentication.test.js:32:3\n      at Object.<anonymous> (server/tests/auth/authentication.test.js:28:1)\n\n  ● Authentication Service - Complete Test Suite › Basic Token Operations - Real Implementation › should blacklist tokens correctly\n\n    thrown: \"Exceeded timeout of 5000 ms for a hook.\n    Use jest.setTimeout(newTimeout) to increase the timeout value, if this is a long-running test.\"\n\n    \u001b[0m \u001b[90m 30 |\u001b[39m   \u001b[36mlet\u001b[39m testUser\u001b[33m;\u001b[39m\n     \u001b[90m 31 |\u001b[39m\n    \u001b[31m\u001b[1m>\u001b[22m\u001b[39m\u001b[90m 32 |\u001b[39m   beforeAll(\u001b[36masync\u001b[39m () \u001b[33m=>\u001b[39m {\n     \u001b[90m    |\u001b[39m   \u001b[31m\u001b[1m^\u001b[22m\u001b[39m\n     \u001b[90m 33 |\u001b[39m     mongoServer \u001b[33m=\u001b[39m \u001b[36mawait\u001b[39m \u001b[33mMongoMemoryServer\u001b[39m\u001b[33m.\u001b[39mcreate()\u001b[33m;\u001b[39m\n     \u001b[90m 34 |\u001b[39m     \u001b[36mconst\u001b[39m uri \u001b[33m=\u001b[39m mongoServer\u001b[33m.\u001b[39mgetUri()\u001b[33m;\u001b[39m\n     \u001b[90m 35 |\u001b[39m     \u001b[36mawait\u001b[39m mongoose\u001b[33m.\u001b[39mconnect(uri)\u001b[33m;\u001b[39m\u001b[0m\n\n      at server/tests/auth/authentication.test.js:32:3\n      at Object.<anonymous> (server/tests/auth/authentication.test.js:28:1)\n\n  ● Authentication Service - Complete Test Suite › Password and User Model Integration › should work with different password formats\n\n    thrown: \"Exceeded timeout of 5000 ms for a hook.\n    Use jest.setTimeout(newTimeout) to increase the timeout value, if this is a long-running test.\"\n\n    \u001b[0m \u001b[90m 30 |\u001b[39m   \u001b[36mlet\u001b[39m testUser\u001b[33m;\u001b[39m\n     \u001b[90m 31 |\u001b[39m\n    \u001b[31m\u001b[1m>\u001b[22m\u001b[39m\u001b[90m 32 |\u001b[39m   beforeAll(\u001b[36masync\u001b[39m () \u001b[33m=>\u001b[39m {\n     \u001b[90m    |\u001b[39m   \u001b[31m\u001b[1m^\u001b[22m\u001b[39m\n     \u001b[90m 33 |\u001b[39m     mongoServer \u001b[33m=\u001b[39m \u001b[36mawait\u001b[39m \u001b[33mMongoMemoryServer\u001b[39m\u001b[33m.\u001b[39mcreate()\u001b[33m;\u001b[39m\n     \u001b[90m 34 |\u001b[39m     \u001b[36mconst\u001b[39m uri \u001b[33m=\u001b[39m mongoServer\u001b[33m.\u001b[39mgetUri()\u001b[33m;\u001b[39m\n     \u001b[90m 35 |\u001b[39m     \u001b[36mawait\u001b[39m mongoose\u001b[33m.\u001b[39mconnect(uri)\u001b[33m;\u001b[39m\u001b[0m\n\n      at server/tests/auth/authentication.test.js:32:3\n      at Object.<anonymous> (server/tests/auth/authentication.test.js:28:1)\n\n  ● Authentication Service - Complete Test Suite › Password and User Model Integration › should handle bcrypt hash comparison\n\n    thrown: \"Exceeded timeout of 5000 ms for a hook.\n    Use jest.setTimeout(newTimeout) to increase the timeout value, if this is a long-running test.\"\n\n    \u001b[0m \u001b[90m 30 |\u001b[39m   \u001b[36mlet\u001b[39m testUser\u001b[33m;\u001b[39m\n     \u001b[90m 31 |\u001b[39m\n    \u001b[31m\u001b[1m>\u001b[22m\u001b[39m\u001b[90m 32 |\u001b[39m   beforeAll(\u001b[36masync\u001b[39m () \u001b[33m=>\u001b[39m {\n     \u001b[90m    |\u001b[39m   \u001b[31m\u001b[1m^\u001b[22m\u001b[39m\n     \u001b[90m 33 |\u001b[39m     mongoServer \u001b[33m=\u001b[39m \u001b[36mawait\u001b[39m \u001b[33mMongoMemoryServer\u001b[39m\u001b[33m.\u001b[39mcreate()\u001b[33m;\u001b[39m\n     \u001b[90m 34 |\u001b[39m     \u001b[36mconst\u001b[39m uri \u001b[33m=\u001b[39m mongoServer\u001b[33m.\u001b[39mgetUri()\u001b[33m;\u001b[39m\n     \u001b[90m 35 |\u001b[39m     \u001b[36mawait\u001b[39m mongoose\u001b[33m.\u001b[39mconnect(uri)\u001b[33m;\u001b[39m\u001b[0m\n\n      at server/tests/auth/authentication.test.js:32:3\n      at Object.<anonymous> (server/tests/auth/authentication.test.js:28:1)\n\n  ● Authentication Service - Complete Test Suite › Database Operations › should perform real MongoDB CRUD operations\n\n    thrown: \"Exceeded timeout of 5000 ms for a hook.\n    Use jest.setTimeout(newTimeout) to increase the timeout value, if this is a long-running test.\"\n\n    \u001b[0m \u001b[90m 30 |\u001b[39m   \u001b[36mlet\u001b[39m testUser\u001b[33m;\u001b[39m\n     \u001b[90m 31 |\u001b[39m\n    \u001b[31m\u001b[1m>\u001b[22m\u001b[39m\u001b[90m 32 |\u001b[39m   beforeAll(\u001b[36masync\u001b[39m () \u001b[33m=>\u001b[39m {\n     \u001b[90m    |\u001b[39m   \u001b[31m\u001b[1m^\u001b[22m\u001b[39m\n     \u001b[90m 33 |\u001b[39m     mongoServer \u001b[33m=\u001b[39m \u001b[36mawait\u001b[39m \u001b[33mMongoMemoryServer\u001b[39m\u001b[33m.\u001b[39mcreate()\u001b[33m;\u001b[39m\n     \u001b[90m 34 |\u001b[39m     \u001b[36mconst\u001b[39m uri \u001b[33m=\u001b[39m mongoServer\u001b[33m.\u001b[39mgetUri()\u001b[33m;\u001b[39m\n     \u001b[90m 35 |\u001b[39m     \u001b[36mawait\u001b[39m mongoose\u001b[33m.\u001b[39mconnect(uri)\u001b[33m;\u001b[39m\u001b[0m\n\n      at server/tests/auth/authentication.test.js:32:3\n      at Object.<anonymous> (server/tests/auth/authentication.test.js:28:1)\n\n  ● Authentication Service - Complete Test Suite › Database Operations › should handle multiple concurrent token operations\n\n    thrown: \"Exceeded timeout of 5000 ms for a hook.\n    Use jest.setTimeout(newTimeout) to increase the timeout value, if this is a long-running test.\"\n\n    \u001b[0m \u001b[90m 30 |\u001b[39m   \u001b[36mlet\u001b[39m testUser\u001b[33m;\u001b[39m\n     \u001b[90m 31 |\u001b[39m\n    \u001b[31m\u001b[1m>\u001b[22m\u001b[39m\u001b[90m 32 |\u001b[39m   beforeAll(\u001b[36masync\u001b[39m () \u001b[33m=>\u001b[39m {\n     \u001b[90m    |\u001b[39m   \u001b[31m\u001b[1m^\u001b[22m\u001b[39m\n     \u001b[90m 33 |\u001b[39m     mongoServer \u001b[33m=\u001b[39m \u001b[36mawait\u001b[39m \u001b[33mMongoMemoryServer\u001b[39m\u001b[33m.\u001b[39mcreate()\u001b[33m;\u001b[39m\n     \u001b[90m 34 |\u001b[39m     \u001b[36mconst\u001b[39m uri \u001b[33m=\u001b[39m mongoServer\u001b[33m.\u001b[39mgetUri()\u001b[33m;\u001b[39m\n     \u001b[90m 35 |\u001b[39m     \u001b[36mawait\u001b[39m mongoose\u001b[33m.\u001b[39mconnect(uri)\u001b[33m;\u001b[39m\u001b[0m\n\n      at server/tests/auth/authentication.test.js:32:3\n      at Object.<anonymous> (server/tests/auth/authentication.test.js:28:1)\n\n  ● Authentication Service - Complete Test Suite › Error Handling and Edge Cases › should handle token refresh properly\n\n    thrown: \"Exceeded timeout of 5000 ms for a hook.\n    Use jest.setTimeout(newTimeout) to increase the timeout value, if this is a long-running test.\"\n\n    \u001b[0m \u001b[90m 30 |\u001b[39m   \u001b[36mlet\u001b[39m testUser\u001b[33m;\u001b[39m\n     \u001b[90m 31 |\u001b[39m\n    \u001b[31m\u001b[1m>\u001b[22m\u001b[39m\u001b[90m 32 |\u001b[39m   beforeAll(\u001b[36masync\u001b[39m () \u001b[33m=>\u001b[39m {\n     \u001b[90m    |\u001b[39m   \u001b[31m\u001b[1m^\u001b[22m\u001b[39m\n     \u001b[90m 33 |\u001b[39m     mongoServer \u001b[33m=\u001b[39m \u001b[36mawait\u001b[39m \u001b[33mMongoMemoryServer\u001b[39m\u001b[33m.\u001b[39mcreate()\u001b[33m;\u001b[39m\n     \u001b[90m 34 |\u001b[39m     \u001b[36mconst\u001b[39m uri \u001b[33m=\u001b[39m mongoServer\u001b[33m.\u001b[39mgetUri()\u001b[33m;\u001b[39m\n     \u001b[90m 35 |\u001b[39m     \u001b[36mawait\u001b[39m mongoose\u001b[33m.\u001b[39mconnect(uri)\u001b[33m;\u001b[39m\u001b[0m\n\n      at server/tests/auth/authentication.test.js:32:3\n      at Object.<anonymous> (server/tests/auth/authentication.test.js:28:1)\n\n  ● Authentication Service - Complete Test Suite › Error Handling and Edge Cases › should handle expired tokens\n\n    thrown: \"Exceeded timeout of 5000 ms for a hook.\n    Use jest.setTimeout(newTimeout) to increase the timeout value, if this is a long-running test.\"\n\n    \u001b[0m \u001b[90m 30 |\u001b[39m   \u001b[36mlet\u001b[39m testUser\u001b[33m;\u001b[39m\n     \u001b[90m 31 |\u001b[39m\n    \u001b[31m\u001b[1m>\u001b[22m\u001b[39m\u001b[90m 32 |\u001b[39m   beforeAll(\u001b[36masync\u001b[39m () \u001b[33m=>\u001b[39m {\n     \u001b[90m    |\u001b[39m   \u001b[31m\u001b[1m^\u001b[22m\u001b[39m\n     \u001b[90m 33 |\u001b[39m     mongoServer \u001b[33m=\u001b[39m \u001b[36mawait\u001b[39m \u001b[33mMongoMemoryServer\u001b[39m\u001b[33m.\u001b[39mcreate()\u001b[33m;\u001b[39m\n     \u001b[90m 34 |\u001b[39m     \u001b[36mconst\u001b[39m uri \u001b[33m=\u001b[39m mongoServer\u001b[33m.\u001b[39mgetUri()\u001b[33m;\u001b[39m\n     \u001b[90m 35 |\u001b[39m     \u001b[36mawait\u001b[39m mongoose\u001b[33m.\u001b[39mconnect(uri)\u001b[33m;\u001b[39m\u001b[0m\n\n      at server/tests/auth/authentication.test.js:32:3\n      at Object.<anonymous> (server/tests/auth/authentication.test.js:28:1)\n\n  ● Authentication Service - Complete Test Suite › Error Handling and Edge Cases › should handle malformed token gracefully\n\n    thrown: \"Exceeded timeout of 5000 ms for a hook.\n    Use jest.setTimeout(newTimeout) to increase the timeout value, if this is a long-running test.\"\n\n    \u001b[0m \u001b[90m 30 |\u001b[39m   \u001b[36mlet\u001b[39m testUser\u001b[33m;\u001b[39m\n     \u001b[90m 31 |\u001b[39m\n    \u001b[31m\u001b[1m>\u001b[22m\u001b[39m\u001b[90m 32 |\u001b[39m   beforeAll(\u001b[36masync\u001b[39m () \u001b[33m=>\u001b[39m {\n     \u001b[90m    |\u001b[39m   \u001b[31m\u001b[1m^\u001b[22m\u001b[39m\n     \u001b[90m 33 |\u001b[39m     mongoServer \u001b[33m=\u001b[39m \u001b[36mawait\u001b[39m \u001b[33mMongoMemoryServer\u001b[39m\u001b[33m.\u001b[39mcreate()\u001b[33m;\u001b[39m\n     \u001b[90m 34 |\u001b[39m     \u001b[36mconst\u001b[39m uri \u001b[33m=\u001b[39m mongoServer\u001b[33m.\u001b[39mgetUri()\u001b[33m;\u001b[39m\n     \u001b[90m 35 |\u001b[39m     \u001b[36mawait\u001b[39m mongoose\u001b[33m.\u001b[39mconnect(uri)\u001b[33m;\u001b[39m\u001b[0m\n\n      at server/tests/auth/authentication.test.js:32:3\n      at Object.<anonymous> (server/tests/auth/authentication.test.js:28:1)\n\n\n  ● Test suite failed to run\n\n    TypeError: Cannot read properties of undefined (reading 'stop')\n\n    \u001b[0m \u001b[90m 38 |\u001b[39m   afterAll(\u001b[36masync\u001b[39m () \u001b[33m=>\u001b[39m {\n     \u001b[90m 39 |\u001b[39m     \u001b[36mawait\u001b[39m mongoose\u001b[33m.\u001b[39mdisconnect()\u001b[33m;\u001b[39m\n    \u001b[31m\u001b[1m>\u001b[22m\u001b[39m\u001b[90m 40 |\u001b[39m     \u001b[36mawait\u001b[39m mongoServer\u001b[33m.\u001b[39mstop()\u001b[33m;\u001b[39m\n     \u001b[90m    |\u001b[39m                       \u001b[31m\u001b[1m^\u001b[22m\u001b[39m\n     \u001b[90m 41 |\u001b[39m   })\u001b[33m;\u001b[39m\n     \u001b[90m 42 |\u001b[39m\n     \u001b[90m 43 |\u001b[39m   beforeEach(\u001b[36masync\u001b[39m () \u001b[33m=>\u001b[39m {\u001b[0m\n\n      at server/tests/auth/authentication.test.js:40:23\n","name":"C:\\Users\\Jestin\\nectar-api\\server\\tests\\auth\\authentication.test.js","startTime":1757084643710,"status":"failed","summary":""},{"assertionResults":[],"coverage":{},"endTime":1757084643710,"message":"  ● Test suite failed to run\n\n    ReferenceError: setImmediate is not defined\n\n    \u001b[0m\u001b[0m\n\n      at Console.log (server/node_modules/winston/lib/winston/transports/console.js:53:5)\n      at Console._write (server/node_modules/winston-transport/modern.js:103:17)\n      at doWrite (server/node_modules/winston-transport/node_modules/readable-stream/lib/_stream_writable.js:390:139)\n      at writeOrBuffer (server/node_modules/winston-transport/node_modules/readable-stream/lib/_stream_writable.js:381:5)\n      at Console.Object.<anonymous>.Writable.write (server/node_modules/winston-transport/node_modules/readable-stream/lib/_stream_writable.js:302:11)\n      at DerivedLogger.ondata (server/node_modules/winston/node_modules/readable-stream/lib/_stream_readable.js:629:20)\n      at addChunk (server/node_modules/winston/node_modules/readable-stream/lib/_stream_readable.js:279:12)\n      at readableAddChunk (server/node_modules/winston/node_modules/readable-stream/lib/_stream_readable.js:262:11)\n      at DerivedLogger.Object.<anonymous>.Readable.push (server/node_modules/winston/node_modules/readable-stream/lib/_stream_readable.js:228:10)\n      at DerivedLogger.Object.<anonymous>.Transform.push (server/node_modules/winston/node_modules/readable-stream/lib/_stream_transform.js:132:32)\n      at DerivedLogger._transform (server/node_modules/winston/lib/winston/logger.js:314:12)\n      at DerivedLogger.Object.<anonymous>.Transform._read (server/node_modules/winston/node_modules/readable-stream/lib/_stream_transform.js:166:10)\n      at DerivedLogger.Object.<anonymous>.Transform._write (server/node_modules/winston/node_modules/readable-stream/lib/_stream_transform.js:155:83)\n      at doWrite (server/node_modules/winston/node_modules/readable-stream/lib/_stream_writable.js:390:139)\n      at writeOrBuffer (server/node_modules/winston/node_modules/readable-stream/lib/_stream_writable.js:381:5)\n      at DerivedLogger.Object.<anonymous>.Writable.write (server/node_modules/winston/node_modules/readable-stream/lib/_stream_writable.js:302:11)\n      at DerivedLogger.<computed> [as warn] (server/node_modules/winston/lib/winston/create-logger.js:81:14)\n      at server/utils/environmentValidator.js:3582:23\n          at Array.forEach (<anonymous>)\n      at EnvironmentValidator.validateAndExit (server/utils/environmentValidator.js:3578:23)\n      at initializeEnvironment (server/config/index.js:505:16)\n      at Object.<anonymous> (server/server.js:1382:1)\n      at Object.<anonymous> (server/tests/rateLimitManagement.test.js:5:13)\n","name":"C:\\Users\\Jestin\\nectar-api\\server\\tests\\rateLimitManagement.test.js","startTime":1757084643710,"status":"failed","summary":""},{"assertionResults":[{"ancestorTitles":["File Upload Security","File Type Validation"],"failureMessages":["ReferenceError: setImmediate is not defined\n    at done (C:\\Users\\Jestin\\nectar-api\\server\\node_modules\\multer\\lib\\make-middleware.js:56:7)\n    at indicateDone (C:\\Users\\Jestin\\nectar-api\\server\\node_modules\\multer\\lib\\make-middleware.js:63:68)\n    at Multipart.<anonymous> (C:\\Users\\Jestin\\nectar-api\\server\\node_modules\\multer\\lib\\make-middleware.js:187:7)\n    at Multipart.emit (node:events:508:28)\n    at Multipart.emit (node:domain:489:12)\n    at emitCloseNT (node:internal/streams/destroy:148:10)\n    at processTicksAndRejections (node:internal/process/task_queues:89:21)","Error: thrown: \"Exceeded timeout of 5000 ms for a test.\nUse jest.setTimeout(newTimeout) to increase the timeout value, if this is a long-running test.\"\n    at C:\\Users\\Jestin\\nectar-api\\server\\tests\\fileUploadSecurity.test.js:28:5\n    at _dispatchDescribe (C:\\Users\\Jestin\\nectar-api\\node_modules\\jest-circus\\build\\index.js:98:26)\n    at describe (C:\\Users\\Jestin\\nectar-api\\node_modules\\jest-circus\\build\\index.js:60:5)\n    at C:\\Users\\Jestin\\nectar-api\\server\\tests\\fileUploadSecurity.test.js:27:3\n    at _dispatchDescribe (C:\\Users\\Jestin\\nectar-api\\node_modules\\jest-circus\\build\\index.js:98:26)\n    at describe (C:\\Users\\Jestin\\nectar-api\\node_modules\\jest-circus\\build\\index.js:60:5)\n    at Object.<anonymous> (C:\\Users\\Jestin\\nectar-api\\server\\tests\\fileUploadSecurity.test.js:19:1)\n    at Runtime._execModule (C:\\Users\\Jestin\\nectar-api\\node_modules\\jest-runtime\\build\\index.js:1646:24)\n    at Runtime._loadModule (C:\\Users\\Jestin\\nectar-api\\node_modules\\jest-runtime\\build\\index.js:1185:12)\n    at Runtime.requireModule (C:\\Users\\Jestin\\nectar-api\\node_modules\\jest-runtime\\build\\index.js:1009:12)\n    at jestAdapter (C:\\Users\\Jestin\\nectar-api\\node_modules\\jest-circus\\build\\legacy-code-todo-rewrite\\jestAdapter.js:79:13)\n    at runTestInternal (C:\\Users\\Jestin\\nectar-api\\node_modules\\jest-runner\\build\\runTest.js:389:16)\n    at runTest (C:\\Users\\Jestin\\nectar-api\\node_modules\\jest-runner\\build\\runTest.js:475:34)"],"fullName":"File Upload Security File Type Validation should accept allowed file types","location":null,"status":"failed","title":"should accept allowed file types"},{"ancestorTitles":["File Upload Security","File Type Validation"],"failureMessages":["ReferenceError: setImmediate is not defined\n    at ZipFile.Object.<anonymous>.ZipFile._readEntry (C:\\Users\\Jestin\\nectar-api\\server\\node_modules\\yauzl\\index.js:246:5)\n    at ZipFile.Object.<anonymous>.ZipFile.readEntry (C:\\Users\\Jestin\\nectar-api\\server\\node_modules\\yauzl\\index.js:240:8)\n    at ZipFile.<anonymous> (C:\\Users\\Jestin\\nectar-api\\server\\node_modules\\mongodb-memory-server-core\\src\\util\\MongoBinaryDownload.ts:358:28)\n    at ZipFile.emit (node:events:508:28)\n    at ZipFile.emit (node:domain:489:12)\n    at C:\\Users\\Jestin\\nectar-api\\server\\node_modules\\yauzl\\index.js:384:12\n    at C:\\Users\\Jestin\\nectar-api\\server\\node_modules\\yauzl\\index.js:772:5\n    at C:\\Users\\Jestin\\nectar-api\\server\\node_modules\\yauzl\\fd-slicer.js:33:7\n    at FSReqCallback.wrapper [as oncomplete] (node:fs:670:5)","Error: thrown: \"Exceeded timeout of 5000 ms for a test.\nUse jest.setTimeout(newTimeout) to increase the timeout value, if this is a long-running test.\"\n    at C:\\Users\\Jestin\\nectar-api\\server\\tests\\fileUploadSecurity.test.js:43:5\n    at _dispatchDescribe (C:\\Users\\Jestin\\nectar-api\\node_modules\\jest-circus\\build\\index.js:98:26)\n    at describe (C:\\Users\\Jestin\\nectar-api\\node_modules\\jest-circus\\build\\index.js:60:5)\n    at C:\\Users\\Jestin\\nectar-api\\server\\tests\\fileUploadSecurity.test.js:27:3\n    at _dispatchDescribe (C:\\Users\\Jestin\\nectar-api\\node_modules\\jest-circus\\build\\index.js:98:26)\n    at describe (C:\\Users\\Jestin\\nectar-api\\node_modules\\jest-circus\\build\\index.js:60:5)\n    at Object.<anonymous> (C:\\Users\\Jestin\\nectar-api\\server\\tests\\fileUploadSecurity.test.js:19:1)\n    at Runtime._execModule (C:\\Users\\Jestin\\nectar-api\\node_modules\\jest-runtime\\build\\index.js:1646:24)\n    at Runtime._loadModule (C:\\Users\\Jestin\\nectar-api\\node_modules\\jest-runtime\\build\\index.js:1185:12)\n    at Runtime.requireModule (C:\\Users\\Jestin\\nectar-api\\node_modules\\jest-runtime\\build\\index.js:1009:12)\n    at jestAdapter (C:\\Users\\Jestin\\nectar-api\\node_modules\\jest-circus\\build\\legacy-code-todo-rewrite\\jestAdapter.js:79:13)\n    at runTestInternal (C:\\Users\\Jestin\\nectar-api\\node_modules\\jest-runner\\build\\runTest.js:389:16)\n    at runTest (C:\\Users\\Jestin\\nectar-api\\node_modules\\jest-runner\\build\\runTest.js:475:34)"],"fullName":"File Upload Security File Type Validation should reject disallowed MIME types","location":null,"status":"failed","title":"should reject disallowed MIME types"},{"ancestorTitles":["File Upload Security","File Type Validation"],"failureMessages":["Error: thrown: \"Exceeded timeout of 5000 ms for a test.\nUse jest.setTimeout(newTimeout) to increase the timeout value, if this is a long-running test.\"\n    at C:\\Users\\Jestin\\nectar-api\\server\\tests\\fileUploadSecurity.test.js:63:5\n    at _dispatchDescribe (C:\\Users\\Jestin\\nectar-api\\node_modules\\jest-circus\\build\\index.js:98:26)\n    at describe (C:\\Users\\Jestin\\nectar-api\\node_modules\\jest-circus\\build\\index.js:60:5)\n    at C:\\Users\\Jestin\\nectar-api\\server\\tests\\fileUploadSecurity.test.js:27:3\n    at _dispatchDescribe (C:\\Users\\Jestin\\nectar-api\\node_modules\\jest-circus\\build\\index.js:98:26)\n    at describe (C:\\Users\\Jestin\\nectar-api\\node_modules\\jest-circus\\build\\index.js:60:5)\n    at Object.<anonymous> (C:\\Users\\Jestin\\nectar-api\\server\\tests\\fileUploadSecurity.test.js:19:1)\n    at Runtime._execModule (C:\\Users\\Jestin\\nectar-api\\node_modules\\jest-runtime\\build\\index.js:1646:24)\n    at Runtime._loadModule (C:\\Users\\Jestin\\nectar-api\\node_modules\\jest-runtime\\build\\index.js:1185:12)\n    at Runtime.requireModule (C:\\Users\\Jestin\\nectar-api\\node_modules\\jest-runtime\\build\\index.js:1009:12)\n    at jestAdapter (C:\\Users\\Jestin\\nectar-api\\node_modules\\jest-circus\\build\\legacy-code-todo-rewrite\\jestAdapter.js:79:13)\n    at runTestInternal (C:\\Users\\Jestin\\nectar-api\\node_modules\\jest-runner\\build\\runTest.js:389:16)\n    at runTest (C:\\Users\\Jestin\\nectar-api\\node_modules\\jest-runner\\build\\runTest.js:475:34)"],"fullName":"File Upload Security File Type Validation should reject mismatched extensions","location":null,"status":"failed","title":"should reject mismatched extensions"},{"ancestorTitles":["File Upload Security","Filename Security"],"failureMessages":["Error: thrown: \"Exceeded timeout of 5000 ms for a test.\nUse jest.setTimeout(newTimeout) to increase the timeout value, if this is a long-running test.\"\n    at C:\\Users\\Jestin\\nectar-api\\server\\tests\\fileUploadSecurity.test.js:85:5\n    at _dispatchDescribe (C:\\Users\\Jestin\\nectar-api\\node_modules\\jest-circus\\build\\index.js:98:26)\n    at describe (C:\\Users\\Jestin\\nectar-api\\node_modules\\jest-circus\\build\\index.js:60:5)\n    at C:\\Users\\Jestin\\nectar-api\\server\\tests\\fileUploadSecurity.test.js:84:3\n    at _dispatchDescribe (C:\\Users\\Jestin\\nectar-api\\node_modules\\jest-circus\\build\\index.js:98:26)\n    at describe (C:\\Users\\Jestin\\nectar-api\\node_modules\\jest-circus\\build\\index.js:60:5)\n    at Object.<anonymous> (C:\\Users\\Jestin\\nectar-api\\server\\tests\\fileUploadSecurity.test.js:19:1)\n    at Runtime._execModule (C:\\Users\\Jestin\\nectar-api\\node_modules\\jest-runtime\\build\\index.js:1646:24)\n    at Runtime._loadModule (C:\\Users\\Jestin\\nectar-api\\node_modules\\jest-runtime\\build\\index.js:1185:12)\n    at Runtime.requireModule (C:\\Users\\Jestin\\nectar-api\\node_modules\\jest-runtime\\build\\index.js:1009:12)\n    at jestAdapter (C:\\Users\\Jestin\\nectar-api\\node_modules\\jest-circus\\build\\legacy-code-todo-rewrite\\jestAdapter.js:79:13)\n    at runTestInternal (C:\\Users\\Jestin\\nectar-api\\node_modules\\jest-runner\\build\\runTest.js:389:16)\n    at runTest (C:\\Users\\Jestin\\nectar-api\\node_modules\\jest-runner\\build\\runTest.js:475:34)"],"fullName":"File Upload Security Filename Security should reject directory traversal attempts","location":null,"status":"failed","title":"should reject directory traversal attempts"},{"ancestorTitles":["File Upload Security","Filename Security"],"failureMessages":["Error: thrown: \"Exceeded timeout of 5000 ms for a test.\nUse jest.setTimeout(newTimeout) to increase the timeout value, if this is a long-running test.\"\n    at C:\\Users\\Jestin\\nectar-api\\server\\tests\\fileUploadSecurity.test.js:114:5\n    at _dispatchDescribe (C:\\Users\\Jestin\\nectar-api\\node_modules\\jest-circus\\build\\index.js:98:26)\n    at describe (C:\\Users\\Jestin\\nectar-api\\node_modules\\jest-circus\\build\\index.js:60:5)\n    at C:\\Users\\Jestin\\nectar-api\\server\\tests\\fileUploadSecurity.test.js:84:3\n    at _dispatchDescribe (C:\\Users\\Jestin\\nectar-api\\node_modules\\jest-circus\\build\\index.js:98:26)\n    at describe (C:\\Users\\Jestin\\nectar-api\\node_modules\\jest-circus\\build\\index.js:60:5)\n    at Object.<anonymous> (C:\\Users\\Jestin\\nectar-api\\server\\tests\\fileUploadSecurity.test.js:19:1)\n    at Runtime._execModule (C:\\Users\\Jestin\\nectar-api\\node_modules\\jest-runtime\\build\\index.js:1646:24)\n    at Runtime._loadModule (C:\\Users\\Jestin\\nectar-api\\node_modules\\jest-runtime\\build\\index.js:1185:12)\n    at Runtime.requireModule (C:\\Users\\Jestin\\nectar-api\\node_modules\\jest-runtime\\build\\index.js:1009:12)\n    at jestAdapter (C:\\Users\\Jestin\\nectar-api\\node_modules\\jest-circus\\build\\legacy-code-todo-rewrite\\jestAdapter.js:79:13)\n    at runTestInternal (C:\\Users\\Jestin\\nectar-api\\node_modules\\jest-runner\\build\\runTest.js:389:16)\n    at runTest (C:\\Users\\Jestin\\nectar-api\\node_modules\\jest-runner\\build\\runTest.js:475:34)"],"fullName":"File Upload Security Filename Security should reject Windows reserved names","location":null,"status":"failed","title":"should reject Windows reserved names"},{"ancestorTitles":["File Upload Security","Filename Security"],"failureMessages":["Error: thrown: \"Exceeded timeout of 5000 ms for a test.\nUse jest.setTimeout(newTimeout) to increase the timeout value, if this is a long-running test.\"\n    at C:\\Users\\Jestin\\nectar-api\\server\\tests\\fileUploadSecurity.test.js:138:5\n    at _dispatchDescribe (C:\\Users\\Jestin\\nectar-api\\node_modules\\jest-circus\\build\\index.js:98:26)\n    at describe (C:\\Users\\Jestin\\nectar-api\\node_modules\\jest-circus\\build\\index.js:60:5)\n    at C:\\Users\\Jestin\\nectar-api\\server\\tests\\fileUploadSecurity.test.js:84:3\n    at _dispatchDescribe (C:\\Users\\Jestin\\nectar-api\\node_modules\\jest-circus\\build\\index.js:98:26)\n    at describe (C:\\Users\\Jestin\\nectar-api\\node_modules\\jest-circus\\build\\index.js:60:5)\n    at Object.<anonymous> (C:\\Users\\Jestin\\nectar-api\\server\\tests\\fileUploadSecurity.test.js:19:1)\n    at Runtime._execModule (C:\\Users\\Jestin\\nectar-api\\node_modules\\jest-runtime\\build\\index.js:1646:24)\n    at Runtime._loadModule (C:\\Users\\Jestin\\nectar-api\\node_modules\\jest-runtime\\build\\index.js:1185:12)\n    at Runtime.requireModule (C:\\Users\\Jestin\\nectar-api\\node_modules\\jest-runtime\\build\\index.js:1009:12)\n    at jestAdapter (C:\\Users\\Jestin\\nectar-api\\node_modules\\jest-circus\\build\\legacy-code-todo-rewrite\\jestAdapter.js:79:13)\n    at runTestInternal (C:\\Users\\Jestin\\nectar-api\\node_modules\\jest-runner\\build\\runTest.js:389:16)\n    at runTest (C:\\Users\\Jestin\\nectar-api\\node_modules\\jest-runner\\build\\runTest.js:475:34)"],"fullName":"File Upload Security Filename Security should reject executable files","location":null,"status":"failed","title":"should reject executable files"},{"ancestorTitles":["File Upload Security","Filename Security"],"failureMessages":["ReferenceError: setImmediate is not defined\n    at done (C:\\Users\\Jestin\\nectar-api\\server\\node_modules\\multer\\lib\\make-middleware.js:56:7)\n    at indicateDone (C:\\Users\\Jestin\\nectar-api\\server\\node_modules\\multer\\lib\\make-middleware.js:63:68)\n    at Multipart.<anonymous> (C:\\Users\\Jestin\\nectar-api\\server\\node_modules\\multer\\lib\\make-middleware.js:187:7)\n    at Multipart.emit (node:events:508:28)\n    at Multipart.emit (node:domain:489:12)\n    at emitCloseNT (node:internal/streams/destroy:148:10)\n    at processTicksAndRejections (node:internal/process/task_queues:89:21)","Error: thrown: \"Exceeded timeout of 5000 ms for a test.\nUse jest.setTimeout(newTimeout) to increase the timeout value, if this is a long-running test.\"\n    at C:\\Users\\Jestin\\nectar-api\\server\\tests\\fileUploadSecurity.test.js:166:5\n    at _dispatchDescribe (C:\\Users\\Jestin\\nectar-api\\node_modules\\jest-circus\\build\\index.js:98:26)\n    at describe (C:\\Users\\Jestin\\nectar-api\\node_modules\\jest-circus\\build\\index.js:60:5)\n    at C:\\Users\\Jestin\\nectar-api\\server\\tests\\fileUploadSecurity.test.js:84:3\n    at _dispatchDescribe (C:\\Users\\Jestin\\nectar-api\\node_modules\\jest-circus\\build\\index.js:98:26)\n    at describe (C:\\Users\\Jestin\\nectar-api\\node_modules\\jest-circus\\build\\index.js:60:5)\n    at Object.<anonymous> (C:\\Users\\Jestin\\nectar-api\\server\\tests\\fileUploadSecurity.test.js:19:1)\n    at Runtime._execModule (C:\\Users\\Jestin\\nectar-api\\node_modules\\jest-runtime\\build\\index.js:1646:24)\n    at Runtime._loadModule (C:\\Users\\Jestin\\nectar-api\\node_modules\\jest-runtime\\build\\index.js:1185:12)\n    at Runtime.requireModule (C:\\Users\\Jestin\\nectar-api\\node_modules\\jest-runtime\\build\\index.js:1009:12)\n    at jestAdapter (C:\\Users\\Jestin\\nectar-api\\node_modules\\jest-circus\\build\\legacy-code-todo-rewrite\\jestAdapter.js:79:13)\n    at runTestInternal (C:\\Users\\Jestin\\nectar-api\\node_modules\\jest-runner\\build\\runTest.js:389:16)\n    at runTest (C:\\Users\\Jestin\\nectar-api\\node_modules\\jest-runner\\build\\runTest.js:475:34)"],"fullName":"File Upload Security Filename Security should sanitize filenames","location":null,"status":"failed","title":"should sanitize filenames"},{"ancestorTitles":["File Upload Security","Content Validation"],"failureMessages":["ReferenceError: setImmediate is not defined\n    at done (C:\\Users\\Jestin\\nectar-api\\server\\node_modules\\multer\\lib\\make-middleware.js:56:7)\n    at indicateDone (C:\\Users\\Jestin\\nectar-api\\server\\node_modules\\multer\\lib\\make-middleware.js:63:68)\n    at Multipart.<anonymous> (C:\\Users\\Jestin\\nectar-api\\server\\node_modules\\multer\\lib\\make-middleware.js:187:7)\n    at Multipart.emit (node:events:508:28)\n    at Multipart.emit (node:domain:489:12)\n    at emitCloseNT (node:internal/streams/destroy:148:10)\n    at processTicksAndRejections (node:internal/process/task_queues:89:21)","Error: thrown: \"Exceeded timeout of 5000 ms for a test.\nUse jest.setTimeout(newTimeout) to increase the timeout value, if this is a long-running test.\"\n    at C:\\Users\\Jestin\\nectar-api\\server\\tests\\fileUploadSecurity.test.js:187:5\n    at _dispatchDescribe (C:\\Users\\Jestin\\nectar-api\\node_modules\\jest-circus\\build\\index.js:98:26)\n    at describe (C:\\Users\\Jestin\\nectar-api\\node_modules\\jest-circus\\build\\index.js:60:5)\n    at C:\\Users\\Jestin\\nectar-api\\server\\tests\\fileUploadSecurity.test.js:186:3\n    at _dispatchDescribe (C:\\Users\\Jestin\\nectar-api\\node_modules\\jest-circus\\build\\index.js:98:26)\n    at describe (C:\\Users\\Jestin\\nectar-api\\node_modules\\jest-circus\\build\\index.js:60:5)\n    at Object.<anonymous> (C:\\Users\\Jestin\\nectar-api\\server\\tests\\fileUploadSecurity.test.js:19:1)\n    at Runtime._execModule (C:\\Users\\Jestin\\nectar-api\\node_modules\\jest-runtime\\build\\index.js:1646:24)\n    at Runtime._loadModule (C:\\Users\\Jestin\\nectar-api\\node_modules\\jest-runtime\\build\\index.js:1185:12)\n    at Runtime.requireModule (C:\\Users\\Jestin\\nectar-api\\node_modules\\jest-runtime\\build\\index.js:1009:12)\n    at jestAdapter (C:\\Users\\Jestin\\nectar-api\\node_modules\\jest-circus\\build\\legacy-code-todo-rewrite\\jestAdapter.js:79:13)\n    at runTestInternal (C:\\Users\\Jestin\\nectar-api\\node_modules\\jest-runner\\build\\runTest.js:389:16)\n    at runTest (C:\\Users\\Jestin\\nectar-api\\node_modules\\jest-runner\\build\\runTest.js:475:34)"],"fullName":"File Upload Security Content Validation should validate magic numbers","location":null,"status":"failed","title":"should validate magic numbers"},{"ancestorTitles":["File Upload Security","Content Validation"],"failureMessages":["ReferenceError: setImmediate is not defined\n    at done (C:\\Users\\Jestin\\nectar-api\\server\\node_modules\\multer\\lib\\make-middleware.js:56:7)\n    at indicateDone (C:\\Users\\Jestin\\nectar-api\\server\\node_modules\\multer\\lib\\make-middleware.js:63:68)\n    at Multipart.<anonymous> (C:\\Users\\Jestin\\nectar-api\\server\\node_modules\\multer\\lib\\make-middleware.js:187:7)\n    at Multipart.emit (node:events:508:28)\n    at Multipart.emit (node:domain:489:12)\n    at emitCloseNT (node:internal/streams/destroy:148:10)\n    at processTicksAndRejections (node:internal/process/task_queues:89:21)","Error: thrown: \"Exceeded timeout of 5000 ms for a test.\nUse jest.setTimeout(newTimeout) to increase the timeout value, if this is a long-running test.\"\n    at C:\\Users\\Jestin\\nectar-api\\server\\tests\\fileUploadSecurity.test.js:213:5\n    at _dispatchDescribe (C:\\Users\\Jestin\\nectar-api\\node_modules\\jest-circus\\build\\index.js:98:26)\n    at describe (C:\\Users\\Jestin\\nectar-api\\node_modules\\jest-circus\\build\\index.js:60:5)\n    at C:\\Users\\Jestin\\nectar-api\\server\\tests\\fileUploadSecurity.test.js:186:3\n    at _dispatchDescribe (C:\\Users\\Jestin\\nectar-api\\node_modules\\jest-circus\\build\\index.js:98:26)\n    at describe (C:\\Users\\Jestin\\nectar-api\\node_modules\\jest-circus\\build\\index.js:60:5)\n    at Object.<anonymous> (C:\\Users\\Jestin\\nectar-api\\server\\tests\\fileUploadSecurity.test.js:19:1)\n    at Runtime._execModule (C:\\Users\\Jestin\\nectar-api\\node_modules\\jest-runtime\\build\\index.js:1646:24)\n    at Runtime._loadModule (C:\\Users\\Jestin\\nectar-api\\node_modules\\jest-runtime\\build\\index.js:1185:12)\n    at Runtime.requireModule (C:\\Users\\Jestin\\nectar-api\\node_modules\\jest-runtime\\build\\index.js:1009:12)\n    at jestAdapter (C:\\Users\\Jestin\\nectar-api\\node_modules\\jest-circus\\build\\legacy-code-todo-rewrite\\jestAdapter.js:79:13)\n    at runTestInternal (C:\\Users\\Jestin\\nectar-api\\node_modules\\jest-runner\\build\\runTest.js:389:16)\n    at runTest (C:\\Users\\Jestin\\nectar-api\\node_modules\\jest-runner\\build\\runTest.js:475:34)"],"fullName":"File Upload Security Content Validation should reject files with wrong magic numbers","location":null,"status":"failed","title":"should reject files with wrong magic numbers"},{"ancestorTitles":["File Upload Security","Content Validation"],"failureMessages":["ReferenceError: setImmediate is not defined\n    at done (C:\\Users\\Jestin\\nectar-api\\server\\node_modules\\multer\\lib\\make-middleware.js:56:7)\n    at indicateDone (C:\\Users\\Jestin\\nectar-api\\server\\node_modules\\multer\\lib\\make-middleware.js:63:68)\n    at Multipart.<anonymous> (C:\\Users\\Jestin\\nectar-api\\server\\node_modules\\multer\\lib\\make-middleware.js:187:7)\n    at Multipart.emit (node:events:508:28)\n    at Multipart.emit (node:domain:489:12)\n    at emitCloseNT (node:internal/streams/destroy:148:10)\n    at processTicksAndRejections (node:internal/process/task_queues:89:21)","Error: thrown: \"Exceeded timeout of 5000 ms for a test.\nUse jest.setTimeout(newTimeout) to increase the timeout value, if this is a long-running test.\"\n    at C:\\Users\\Jestin\\nectar-api\\server\\tests\\fileUploadSecurity.test.js:237:5\n    at _dispatchDescribe (C:\\Users\\Jestin\\nectar-api\\node_modules\\jest-circus\\build\\index.js:98:26)\n    at describe (C:\\Users\\Jestin\\nectar-api\\node_modules\\jest-circus\\build\\index.js:60:5)\n    at C:\\Users\\Jestin\\nectar-api\\server\\tests\\fileUploadSecurity.test.js:186:3\n    at _dispatchDescribe (C:\\Users\\Jestin\\nectar-api\\node_modules\\jest-circus\\build\\index.js:98:26)\n    at describe (C:\\Users\\Jestin\\nectar-api\\node_modules\\jest-circus\\build\\index.js:60:5)\n    at Object.<anonymous> (C:\\Users\\Jestin\\nectar-api\\server\\tests\\fileUploadSecurity.test.js:19:1)\n    at Runtime._execModule (C:\\Users\\Jestin\\nectar-api\\node_modules\\jest-runtime\\build\\index.js:1646:24)\n    at Runtime._loadModule (C:\\Users\\Jestin\\nectar-api\\node_modules\\jest-runtime\\build\\index.js:1185:12)\n    at Runtime.requireModule (C:\\Users\\Jestin\\nectar-api\\node_modules\\jest-runtime\\build\\index.js:1009:12)\n    at jestAdapter (C:\\Users\\Jestin\\nectar-api\\node_modules\\jest-circus\\build\\legacy-code-todo-rewrite\\jestAdapter.js:79:13)\n    at runTestInternal (C:\\Users\\Jestin\\nectar-api\\node_modules\\jest-runner\\build\\runTest.js:389:16)\n    at runTest (C:\\Users\\Jestin\\nectar-api\\node_modules\\jest-runner\\build\\runTest.js:475:34)"],"fullName":"File Upload Security Content Validation should detect embedded scripts","location":null,"status":"failed","title":"should detect embedded scripts"},{"ancestorTitles":["File Upload Security","Content Validation"],"failureMessages":["ReferenceError: setImmediate is not defined\n    at done (C:\\Users\\Jestin\\nectar-api\\server\\node_modules\\multer\\lib\\make-middleware.js:56:7)\n    at indicateDone (C:\\Users\\Jestin\\nectar-api\\server\\node_modules\\multer\\lib\\make-middleware.js:63:68)\n    at Multipart.<anonymous> (C:\\Users\\Jestin\\nectar-api\\server\\node_modules\\multer\\lib\\make-middleware.js:187:7)\n    at Multipart.emit (node:events:508:28)\n    at Multipart.emit (node:domain:489:12)\n    at emitCloseNT (node:internal/streams/destroy:148:10)\n    at processTicksAndRejections (node:internal/process/task_queues:89:21)","Error: thrown: \"Exceeded timeout of 5000 ms for a test.\nUse jest.setTimeout(newTimeout) to increase the timeout value, if this is a long-running test.\"\n    at C:\\Users\\Jestin\\nectar-api\\server\\tests\\fileUploadSecurity.test.js:266:5\n    at _dispatchDescribe (C:\\Users\\Jestin\\nectar-api\\node_modules\\jest-circus\\build\\index.js:98:26)\n    at describe (C:\\Users\\Jestin\\nectar-api\\node_modules\\jest-circus\\build\\index.js:60:5)\n    at C:\\Users\\Jestin\\nectar-api\\server\\tests\\fileUploadSecurity.test.js:186:3\n    at _dispatchDescribe (C:\\Users\\Jestin\\nectar-api\\node_modules\\jest-circus\\build\\index.js:98:26)\n    at describe (C:\\Users\\Jestin\\nectar-api\\node_modules\\jest-circus\\build\\index.js:60:5)\n    at Object.<anonymous> (C:\\Users\\Jestin\\nectar-api\\server\\tests\\fileUploadSecurity.test.js:19:1)\n    at Runtime._execModule (C:\\Users\\Jestin\\nectar-api\\node_modules\\jest-runtime\\build\\index.js:1646:24)\n    at Runtime._loadModule (C:\\Users\\Jestin\\nectar-api\\node_modules\\jest-runtime\\build\\index.js:1185:12)\n    at Runtime.requireModule (C:\\Users\\Jestin\\nectar-api\\node_modules\\jest-runtime\\build\\index.js:1009:12)\n    at jestAdapter (C:\\Users\\Jestin\\nectar-api\\node_modules\\jest-circus\\build\\legacy-code-todo-rewrite\\jestAdapter.js:79:13)\n    at runTestInternal (C:\\Users\\Jestin\\nectar-api\\node_modules\\jest-runner\\build\\runTest.js:389:16)\n    at runTest (C:\\Users\\Jestin\\nectar-api\\node_modules\\jest-runner\\build\\runTest.js:475:34)"],"fullName":"File Upload Security Content Validation should validate JSON depth","location":null,"status":"failed","title":"should validate JSON depth"},{"ancestorTitles":["File Upload Security","File Size Limits"],"failureMessages":["ReferenceError: setImmediate is not defined\n    at done (C:\\Users\\Jestin\\nectar-api\\server\\node_modules\\multer\\lib\\make-middleware.js:56:7)\n    at C:\\Users\\Jestin\\nectar-api\\server\\node_modules\\multer\\lib\\make-middleware.js:79:11\n    at C:\\Users\\Jestin\\nectar-api\\server\\node_modules\\multer\\lib\\remove-uploaded-files.js:20:9\n    at MemoryStorage._removeFile (C:\\Users\\Jestin\\nectar-api\\server\\node_modules\\multer\\storage\\memory.js:16:3)\n    at remove (C:\\Users\\Jestin\\nectar-api\\server\\node_modules\\multer\\lib\\make-middleware.js:72:19)\n    at handleFile (C:\\Users\\Jestin\\nectar-api\\server\\node_modules\\multer\\lib\\remove-uploaded-files.js:10:5)\n    at removeUploadedFiles (C:\\Users\\Jestin\\nectar-api\\server\\node_modules\\multer\\lib\\remove-uploaded-files.js:25:3)\n    at Counter.<anonymous> (C:\\Users\\Jestin\\nectar-api\\server\\node_modules\\multer\\lib\\make-middleware.js:75:9)\n    at Object.onceWrapper (node:events:622:28)\n    at Counter.emit (node:events:508:28)\n    at Counter.emit (node:domain:489:12)\n    at Counter.decrement (C:\\Users\\Jestin\\nectar-api\\server\\node_modules\\multer\\lib\\counter.js:15:32)\n    at C:\\Users\\Jestin\\nectar-api\\server\\node_modules\\multer\\lib\\make-middleware.js:162:34\n    at C:\\Users\\Jestin\\nectar-api\\server\\node_modules\\multer\\storage\\memory.js:7:5\n    at ConcatStream.<anonymous> (C:\\Users\\Jestin\\nectar-api\\server\\node_modules\\concat-stream\\index.js:37:43)\n    at ConcatStream.emit (node:events:520:35)\n    at ConcatStream.emit (node:domain:489:12)\n    at finishMaybe (C:\\Users\\Jestin\\nectar-api\\server\\node_modules\\concat-stream\\node_modules\\readable-stream\\lib\\_stream_writable.js:579:14)\n    at afterWrite (C:\\Users\\Jestin\\nectar-api\\server\\node_modules\\concat-stream\\node_modules\\readable-stream\\lib\\_stream_writable.js:444:3)\n    at processTicksAndRejections (node:internal/process/task_queues:92:21)","Error: thrown: \"Exceeded timeout of 5000 ms for a test.\nUse jest.setTimeout(newTimeout) to increase the timeout value, if this is a long-running test.\"\n    at C:\\Users\\Jestin\\nectar-api\\server\\tests\\fileUploadSecurity.test.js:299:5\n    at _dispatchDescribe (C:\\Users\\Jestin\\nectar-api\\node_modules\\jest-circus\\build\\index.js:98:26)\n    at describe (C:\\Users\\Jestin\\nectar-api\\node_modules\\jest-circus\\build\\index.js:60:5)\n    at C:\\Users\\Jestin\\nectar-api\\server\\tests\\fileUploadSecurity.test.js:298:3\n    at _dispatchDescribe (C:\\Users\\Jestin\\nectar-api\\node_modules\\jest-circus\\build\\index.js:98:26)\n    at describe (C:\\Users\\Jestin\\nectar-api\\node_modules\\jest-circus\\build\\index.js:60:5)\n    at Object.<anonymous> (C:\\Users\\Jestin\\nectar-api\\server\\tests\\fileUploadSecurity.test.js:19:1)\n    at Runtime._execModule (C:\\Users\\Jestin\\nectar-api\\node_modules\\jest-runtime\\build\\index.js:1646:24)\n    at Runtime._loadModule (C:\\Users\\Jestin\\nectar-api\\node_modules\\jest-runtime\\build\\index.js:1185:12)\n    at Runtime.requireModule (C:\\Users\\Jestin\\nectar-api\\node_modules\\jest-runtime\\build\\index.js:1009:12)\n    at jestAdapter (C:\\Users\\Jestin\\nectar-api\\node_modules\\jest-circus\\build\\legacy-code-todo-rewrite\\jestAdapter.js:79:13)\n    at runTestInternal (C:\\Users\\Jestin\\nectar-api\\node_modules\\jest-runner\\build\\runTest.js:389:16)\n    at runTest (C:\\Users\\Jestin\\nectar-api\\node_modules\\jest-runner\\build\\runTest.js:475:34)"],"fullName":"File Upload Security File Size Limits should enforce file size limits","location":null,"status":"failed","title":"should enforce file size limits"},{"ancestorTitles":["File Upload Security","File Size Limits"],"failureMessages":["ReferenceError: setImmediate is not defined\n    at done (C:\\Users\\Jestin\\nectar-api\\server\\node_modules\\multer\\lib\\make-middleware.js:56:7)\n    at indicateDone (C:\\Users\\Jestin\\nectar-api\\server\\node_modules\\multer\\lib\\make-middleware.js:63:68)\n    at Multipart.<anonymous> (C:\\Users\\Jestin\\nectar-api\\server\\node_modules\\multer\\lib\\make-middleware.js:187:7)\n    at Multipart.emit (node:events:508:28)\n    at Multipart.emit (node:domain:489:12)\n    at emitCloseNT (node:internal/streams/destroy:148:10)\n    at processTicksAndRejections (node:internal/process/task_queues:89:21)","Error: thrown: \"Exceeded timeout of 5000 ms for a test.\nUse jest.setTimeout(newTimeout) to increase the timeout value, if this is a long-running test.\"\n    at C:\\Users\\Jestin\\nectar-api\\server\\tests\\fileUploadSecurity.test.js:317:5\n    at _dispatchDescribe (C:\\Users\\Jestin\\nectar-api\\node_modules\\jest-circus\\build\\index.js:98:26)\n    at describe (C:\\Users\\Jestin\\nectar-api\\node_modules\\jest-circus\\build\\index.js:60:5)\n    at C:\\Users\\Jestin\\nectar-api\\server\\tests\\fileUploadSecurity.test.js:298:3\n    at _dispatchDescribe (C:\\Users\\Jestin\\nectar-api\\node_modules\\jest-circus\\build\\index.js:98:26)\n    at describe (C:\\Users\\Jestin\\nectar-api\\node_modules\\jest-circus\\build\\index.js:60:5)\n    at Object.<anonymous> (C:\\Users\\Jestin\\nectar-api\\server\\tests\\fileUploadSecurity.test.js:19:1)\n    at Runtime._execModule (C:\\Users\\Jestin\\nectar-api\\node_modules\\jest-runtime\\build\\index.js:1646:24)\n    at Runtime._loadModule (C:\\Users\\Jestin\\nectar-api\\node_modules\\jest-runtime\\build\\index.js:1185:12)\n    at Runtime.requireModule (C:\\Users\\Jestin\\nectar-api\\node_modules\\jest-runtime\\build\\index.js:1009:12)\n    at jestAdapter (C:\\Users\\Jestin\\nectar-api\\node_modules\\jest-circus\\build\\legacy-code-todo-rewrite\\jestAdapter.js:79:13)\n    at runTestInternal (C:\\Users\\Jestin\\nectar-api\\node_modules\\jest-runner\\build\\runTest.js:389:16)\n    at runTest (C:\\Users\\Jestin\\nectar-api\\node_modules\\jest-runner\\build\\runTest.js:475:34)"],"fullName":"File Upload Security File Size Limits should accept files under size limit","location":null,"status":"failed","title":"should accept files under size limit"},{"ancestorTitles":["File Upload Security","Security Metadata"],"failureMessages":["ReferenceError: setImmediate is not defined\n    at done (C:\\Users\\Jestin\\nectar-api\\server\\node_modules\\multer\\lib\\make-middleware.js:56:7)\n    at indicateDone (C:\\Users\\Jestin\\nectar-api\\server\\node_modules\\multer\\lib\\make-middleware.js:63:68)\n    at Multipart.<anonymous> (C:\\Users\\Jestin\\nectar-api\\server\\node_modules\\multer\\lib\\make-middleware.js:187:7)\n    at Multipart.emit (node:events:508:28)\n    at Multipart.emit (node:domain:489:12)\n    at emitCloseNT (node:internal/streams/destroy:148:10)\n    at processTicksAndRejections (node:internal/process/task_queues:89:21)","Error: thrown: \"Exceeded timeout of 5000 ms for a test.\nUse jest.setTimeout(newTimeout) to increase the timeout value, if this is a long-running test.\"\n    at C:\\Users\\Jestin\\nectar-api\\server\\tests\\fileUploadSecurity.test.js:336:5\n    at _dispatchDescribe (C:\\Users\\Jestin\\nectar-api\\node_modules\\jest-circus\\build\\index.js:98:26)\n    at describe (C:\\Users\\Jestin\\nectar-api\\node_modules\\jest-circus\\build\\index.js:60:5)\n    at C:\\Users\\Jestin\\nectar-api\\server\\tests\\fileUploadSecurity.test.js:335:3\n    at _dispatchDescribe (C:\\Users\\Jestin\\nectar-api\\node_modules\\jest-circus\\build\\index.js:98:26)\n    at describe (C:\\Users\\Jestin\\nectar-api\\node_modules\\jest-circus\\build\\index.js:60:5)\n    at Object.<anonymous> (C:\\Users\\Jestin\\nectar-api\\server\\tests\\fileUploadSecurity.test.js:19:1)\n    at Runtime._execModule (C:\\Users\\Jestin\\nectar-api\\node_modules\\jest-runtime\\build\\index.js:1646:24)\n    at Runtime._loadModule (C:\\Users\\Jestin\\nectar-api\\node_modules\\jest-runtime\\build\\index.js:1185:12)\n    at Runtime.requireModule (C:\\Users\\Jestin\\nectar-api\\node_modules\\jest-runtime\\build\\index.js:1009:12)\n    at jestAdapter (C:\\Users\\Jestin\\nectar-api\\node_modules\\jest-circus\\build\\legacy-code-todo-rewrite\\jestAdapter.js:79:13)\n    at runTestInternal (C:\\Users\\Jestin\\nectar-api\\node_modules\\jest-runner\\build\\runTest.js:389:16)\n    at runTest (C:\\Users\\Jestin\\nectar-api\\node_modules\\jest-runner\\build\\runTest.js:475:34)"],"fullName":"File Upload Security Security Metadata should add security metadata to validated files","location":null,"status":"failed","title":"should add security metadata to validated files"},{"ancestorTitles":["File Upload Security","Multiple Files"],"failureMessages":["ReferenceError: setImmediate is not defined\n    at done (C:\\Users\\Jestin\\nectar-api\\server\\node_modules\\multer\\lib\\make-middleware.js:56:7)\n    at indicateDone (C:\\Users\\Jestin\\nectar-api\\server\\node_modules\\multer\\lib\\make-middleware.js:63:68)\n    at Multipart.<anonymous> (C:\\Users\\Jestin\\nectar-api\\server\\node_modules\\multer\\lib\\make-middleware.js:187:7)\n    at Multipart.emit (node:events:508:28)\n    at Multipart.emit (node:domain:489:12)\n    at emitCloseNT (node:internal/streams/destroy:148:10)\n    at processTicksAndRejections (node:internal/process/task_queues:89:21)","Error: thrown: \"Exceeded timeout of 5000 ms for a test.\nUse jest.setTimeout(newTimeout) to increase the timeout value, if this is a long-running test.\"\n    at C:\\Users\\Jestin\\nectar-api\\server\\tests\\fileUploadSecurity.test.js:361:5\n    at _dispatchDescribe (C:\\Users\\Jestin\\nectar-api\\node_modules\\jest-circus\\build\\index.js:98:26)\n    at describe (C:\\Users\\Jestin\\nectar-api\\node_modules\\jest-circus\\build\\index.js:60:5)\n    at C:\\Users\\Jestin\\nectar-api\\server\\tests\\fileUploadSecurity.test.js:360:3\n    at _dispatchDescribe (C:\\Users\\Jestin\\nectar-api\\node_modules\\jest-circus\\build\\index.js:98:26)\n    at describe (C:\\Users\\Jestin\\nectar-api\\node_modules\\jest-circus\\build\\index.js:60:5)\n    at Object.<anonymous> (C:\\Users\\Jestin\\nectar-api\\server\\tests\\fileUploadSecurity.test.js:19:1)\n    at Runtime._execModule (C:\\Users\\Jestin\\nectar-api\\node_modules\\jest-runtime\\build\\index.js:1646:24)\n    at Runtime._loadModule (C:\\Users\\Jestin\\nectar-api\\node_modules\\jest-runtime\\build\\index.js:1185:12)\n    at Runtime.requireModule (C:\\Users\\Jestin\\nectar-api\\node_modules\\jest-runtime\\build\\index.js:1009:12)\n    at jestAdapter (C:\\Users\\Jestin\\nectar-api\\node_modules\\jest-circus\\build\\legacy-code-todo-rewrite\\jestAdapter.js:79:13)\n    at runTestInternal (C:\\Users\\Jestin\\nectar-api\\node_modules\\jest-runner\\build\\runTest.js:389:16)\n    at runTest (C:\\Users\\Jestin\\nectar-api\\node_modules\\jest-runner\\build\\runTest.js:475:34)"],"fullName":"File Upload Security Multiple Files should handle multiple file uploads","location":null,"status":"failed","title":"should handle multiple file uploads"},{"ancestorTitles":["File Upload Security","Multiple Files"],"failureMessages":["ReferenceError: setImmediate is not defined\n    at done (C:\\Users\\Jestin\\nectar-api\\server\\node_modules\\multer\\lib\\make-middleware.js:56:7)\n    at C:\\Users\\Jestin\\nectar-api\\server\\node_modules\\multer\\lib\\make-middleware.js:79:11\n    at C:\\Users\\Jestin\\nectar-api\\server\\node_modules\\multer\\lib\\remove-uploaded-files.js:20:9\n    at MemoryStorage._removeFile (C:\\Users\\Jestin\\nectar-api\\server\\node_modules\\multer\\storage\\memory.js:16:3)\n    at remove (C:\\Users\\Jestin\\nectar-api\\server\\node_modules\\multer\\lib\\make-middleware.js:72:19)\n    at handleFile (C:\\Users\\Jestin\\nectar-api\\server\\node_modules\\multer\\lib\\remove-uploaded-files.js:10:5)\n    at C:\\Users\\Jestin\\nectar-api\\server\\node_modules\\multer\\lib\\remove-uploaded-files.js:18:9\n    at MemoryStorage._removeFile (C:\\Users\\Jestin\\nectar-api\\server\\node_modules\\multer\\storage\\memory.js:16:3)\n    at remove (C:\\Users\\Jestin\\nectar-api\\server\\node_modules\\multer\\lib\\make-middleware.js:72:19)\n    at handleFile (C:\\Users\\Jestin\\nectar-api\\server\\node_modules\\multer\\lib\\remove-uploaded-files.js:10:5)\n    at removeUploadedFiles (C:\\Users\\Jestin\\nectar-api\\server\\node_modules\\multer\\lib\\remove-uploaded-files.js:25:3)\n    at Counter.<anonymous> (C:\\Users\\Jestin\\nectar-api\\server\\node_modules\\multer\\lib\\make-middleware.js:75:9)\n    at Object.onceWrapper (node:events:622:28)\n    at Counter.emit (node:events:508:28)\n    at Counter.emit (node:domain:489:12)\n    at Counter.decrement (C:\\Users\\Jestin\\nectar-api\\server\\node_modules\\multer\\lib\\counter.js:15:32)\n    at C:\\Users\\Jestin\\nectar-api\\server\\node_modules\\multer\\lib\\make-middleware.js:175:25\n    at C:\\Users\\Jestin\\nectar-api\\server\\node_modules\\multer\\storage\\memory.js:7:5\n    at ConcatStream.<anonymous> (C:\\Users\\Jestin\\nectar-api\\server\\node_modules\\concat-stream\\index.js:37:43)\n    at ConcatStream.emit (node:events:520:35)\n    at ConcatStream.emit (node:domain:489:12)\n    at finishMaybe (C:\\Users\\Jestin\\nectar-api\\server\\node_modules\\concat-stream\\node_modules\\readable-stream\\lib\\_stream_writable.js:579:14)\n    at afterWrite (C:\\Users\\Jestin\\nectar-api\\server\\node_module
[...]
":{"line":72,"column":4},"end":{"line":72,"column":30}},"14":{"start":{"line":75,"column":29},"end":{"line":85,"column":3}},"15":{"start":{"line":76,"column":20},"end":{"line":82,"column":5}},"16":{"start":{"line":83,"column":4},"end":{"line":83,"column":21}},"17":{"start":{"line":84,"column":4},"end":{"line":84,"column":30}},"18":{"start":{"line":87,"column":31},"end":{"line":93,"column":3}},"19":{"start":{"line":88,"column":18},"end":{"line":88,"column":47}},"20":{"start":{"line":89,"column":4},"end":{"line":92,"column":5}},"21":{"start":{"line":90,"column":24},"end":{"line":90,"column":68}},"22":{"start":{"line":91,"column":6},"end":{"line":91,"column":50}},"23":{"start":{"line":95,"column":34},"end":{"line":98,"column":3}},"24":{"start":{"line":96,"column":22},"end":{"line":96,"column":88}},"25":{"start":{"line":96,"column":64},"end":{"line":96,"column":87}},"26":{"start":{"line":97,"column":4},"end":{"line":97,"column":48}},"27":{"start":{"line":100,"column":30},"end":{"line":106,"column":3}},"28":{"start":{"line":101,"column":17},"end":{"line":101,"column":49}},"29":{"start":{"line":102,"column":4},"end":{"line":105,"column":5}},"30":{"start":{"line":103,"column":22},"end":{"line":103,"column":84}},"31":{"start":{"line":104,"column":6},"end":{"line":104,"column":71}},"32":{"start":{"line":108,"column":33},"end":{"line":113,"column":3}},"33":{"start":{"line":109,"column":20},"end":{"line":111,"column":5}},"34":{"start":{"line":110,"column":14},"end":{"line":110,"column":35}},"35":{"start":{"line":112,"column":4},"end":{"line":112,"column":69}},"36":{"start":{"line":115,"column":31},"end":{"line":138,"column":3}},"37":{"start":{"line":116,"column":4},"end":{"line":116,"column":25}},"38":{"start":{"line":117,"column":4},"end":{"line":117,"column":24}},"39":{"start":{"line":119,"column":4},"end":{"line":137,"column":5}},"40":{"start":{"line":120,"column":23},"end":{"line":126,"column":8}},"41":{"start":{"line":128,"column":21},"end":{"line":128,"column":42}},"42":{"start":{"line":129,"column":6},"end":{"line":129,"column":28}},"43":{"start":{"line":131,"column":6},"end":{"line":134,"column":9}},"44":{"start":{"line":136,"column":6},"end":{"line":136,"column":28}},"45":{"start":{"line":140,"column":32},"end":{"line":147,"column":3}},"46":{"start":{"line":141,"column":20},"end":{"line":141,"column":42}},"47":{"start":{"line":142,"column":4},"end":{"line":144,"column":5}},"48":{"start":{"line":143,"column":6},"end":{"line":143,"column":34}},"49":{"start":{"line":145,"column":18},"end":{"line":145,"column":42}},"50":{"start":{"line":146,"column":4},"end":{"line":146,"column":28}},"51":{"start":{"line":149,"column":2},"end":{"line":475,"column":4}},"52":{"start":{"line":170,"column":33},"end":{"line":170,"column":90}},"53":{"start":{"line":186,"column":33},"end":{"line":186,"column":92}},"54":{"start":{"line":199,"column":35},"end":{"line":199,"column":96}},"55":{"start":{"line":208,"column":35},"end":{"line":208,"column":96}},"56":{"start":{"line":221,"column":35},"end":{"line":221,"column":96}},"57":{"start":{"line":231,"column":35},"end":{"line":231,"column":98}},"58":{"start":{"line":287,"column":14},"end":{"line":293,"column":16}},"59":{"start":{"line":290,"column":32},"end":{"line":290,"column":62}},"60":{"start":{"line":316,"column":33},"end":{"line":316,"column":83}},"61":{"start":{"line":333,"column":18},"end":{"line":337,"column":19}},"62":{"start":{"line":358,"column":31},"end":{"line":358,"column":95}},"63":{"start":{"line":368,"column":31},"end":{"line":368,"column":98}},"64":{"start":{"line":378,"column":31},"end":{"line":378,"column":95}},"65":{"start":{"line":397,"column":18},"end":{"line":403,"column":20}},"66":{"start":{"line":400,"column":36},"end":{"line":400,"column":64}},"67":{"start":{"line":426,"column":18},"end":{"line":426,"column":87}},"68":{"start":{"line":440,"column":18},"end":{"line":440,"column":95}},"69":{"start":{"line":452,"column":22},"end":{"line":452,"column":100}}},"fnMap":{"0":{"name":"(anonymous_0)","decl":{"start":{"line":27,"column":35},"end":{"line":27,"column":36}},"loc":{"start":{"line":27,"column":67},"end":{"line":476,"column":1}},"line":27},"1":{"name":"(anonymous_1)","decl":{"start":{"line":33,"column":4},"end":{"line":33,"column":5}},"loc":{"start":{"line":33,"column":11},"end":{"line":56,"column":5}},"line":33},"2":{"name":"(anonymous_2)","decl":{"start":{"line":60,"column":12},"end":{"line":60,"column":13}},"loc":{"start":{"line":60,"column":18},"end":{"line":64,"column":3}},"line":60},"3":{"name":"(anonymous_3)","decl":{"start":{"line":66,"column":27},"end":{"line":66,"column":28}},"loc":{"start":{"line":66,"column":45},"end":{"line":73,"column":3}},"line":66},"4":{"name":"(anonymous_4)","decl":{"start":{"line":75,"column":29},"end":{"line":75,"column":30}},"loc":{"start":{"line":75,"column":55},"end":{"line":85,"column":3}},"line":75},"5":{"name":"(anonymous_5)","decl":{"start":{"line":87,"column":31},"end":{"line":87,"column":32}},"loc":{"start":{"line":87,"column":37},"end":{"line":93,"column":3}},"line":87},"6":{"name":"(anonymous_6)","decl":{"start":{"line":95,"column":34},"end":{"line":95,"column":35}},"loc":{"start":{"line":95,"column":51},"end":{"line":98,"column":3}},"line":95},"7":{"name":"(anonymous_7)","decl":{"start":{"line":96,"column":55},"end":{"line":96,"column":56}},"loc":{"start":{"line":96,"column":64},"end":{"line":96,"column":87}},"line":96},"8":{"name":"(anonymous_8)","decl":{"start":{"line":100,"column":30},"end":{"line":100,"column":31}},"loc":{"start":{"line":100,"column":36},"end":{"line":106,"column":3}},"line":100},"9":{"name":"(anonymous_9)","decl":{"start":{"line":108,"column":33},"end":{"line":108,"column":34}},"loc":{"start":{"line":108,"column":49},"end":{"line":113,"column":3}},"line":108},"10":{"name":"(anonymous_10)","decl":{"start":{"line":110,"column":6},"end":{"line":110,"column":7}},"loc":{"start":{"line":110,"column":14},"end":{"line":110,"column":35}},"line":110},"11":{"name":"(anonymous_11)","decl":{"start":{"line":115,"column":31},"end":{"line":115,"column":32}},"loc":{"start":{"line":115,"column":43},"end":{"line":138,"column":3}},"line":115},"12":{"name":"(anonymous_12)","decl":{"start":{"line":140,"column":32},"end":{"line":140,"column":33}},"loc":{"start":{"line":140,"column":38},"end":{"line":147,"column":3}},"line":140},"13":{"name":"(anonymous_13)","decl":{"start":{"line":170,"column":28},"end":{"line":170,"column":29}},"loc":{"start":{"line":170,"column":33},"end":{"line":170,"column":90}},"line":170},"14":{"name":"(anonymous_14)","decl":{"start":{"line":186,"column":28},"end":{"line":186,"column":29}},"loc":{"start":{"line":186,"column":33},"end":{"line":186,"column":92}},"line":186},"15":{"name":"(anonymous_15)","decl":{"start":{"line":199,"column":30},"end":{"line":199,"column":31}},"loc":{"start":{"line":199,"column":35},"end":{"line":199,"column":96}},"line":199},"16":{"name":"(anonymous_16)","decl":{"start":{"line":208,"column":30},"end":{"line":208,"column":31}},"loc":{"start":{"line":208,"column":35},"end":{"line":208,"column":96}},"line":208},"17":{"name":"(anonymous_17)","decl":{"start":{"line":221,"column":30},"end":{"line":221,"column":31}},"loc":{"start":{"line":221,"column":35},"end":{"line":221,"column":96}},"line":221},"18":{"name":"(anonymous_18)","decl":{"start":{"line":231,"column":30},"end":{"line":231,"column":31}},"loc":{"start":{"line":231,"column":35},"end":{"line":231,"column":98}},"line":231},"19":{"name":"(anonymous_19)","decl":{"start":{"line":286,"column":43},"end":{"line":286,"column":44}},"loc":{"start":{"line":287,"column":14},"end":{"line":293,"column":16}},"line":287},"20":{"name":"(anonymous_20)","decl":{"start":{"line":290,"column":26},"end":{"line":290,"column":27}},"loc":{"start":{"line":290,"column":32},"end":{"line":290,"column":62}},"line":290},"21":{"name":"(anonymous_21)","decl":{"start":{"line":316,"column":28},"end":{"line":316,"column":29}},"loc":{"start":{"line":316,"column":33},"end":{"line":316,"column":83}},"line":316},"22":{"name":"(anonymous_22)","decl":{"start":{"line":332,"column":26},"end":{"line":332,"column":27}},"loc":{"start":{"line":333,"column":18},"end":{"line":337,"column":19}},"line":333},"23":{"name":"(anonymous_23)","decl":{"start":{"line":358,"column":26},"end":{"line":358,"column":27}},"loc":{"start":{"line":358,"column":31},"end":{"line":358,"column":95}},"line":358},"24":{"name":"(anonymous_24)","decl":{"start":{"line":368,"column":26},"end":{"line":368,"column":27}},"loc":{"start":{"line":368,"column":31},"end":{"line":368,"column":98}},"line":368},"25":{"name":"(anonymous_25)","decl":{"start":{"line":378,"column":26},"end":{"line":378,"column":27}},"loc":{"start":{"line":378,"column":31},"end":{"line":378,"column":95}},"line":378},"26":{"name":"(anonymous_26)","decl":{"start":{"line":396,"column":66},"end":{"line":396,"column":67}},"loc":{"start":{"line":397,"column":18},"end":{"line":403,"column":20}},"line":397},"27":{"name":"(anonymous_27)","decl":{"start":{"line":400,"column":30},"end":{"line":400,"column":31}},"loc":{"start":{"line":400,"column":36},"end":{"line":400,"column":64}},"line":400},"28":{"name":"(anonymous_28)","decl":{"start":{"line":425,"column":26},"end":{"line":425,"column":27}},"loc":{"start":{"line":426,"column":18},"end":{"line":426,"column":87}},"line":426},"29":{"name":"(anonymous_29)","decl":{"start":{"line":439,"column":26},"end":{"line":439,"column":27}},"loc":{"start":{"line":440,"column":18},"end":{"line":440,"column":95}},"line":440},"30":{"name":"(anonymous_30)","decl":{"start":{"line":451,"column":30},"end":{"line":451,"column":31}},"loc":{"start":{"line":452,"column":22},"end":{"line":452,"column":100}},"line":452}},"branchMap":{"0":{"loc":{"start":{"line":28,"column":35},"end":{"line":28,"column":50}},"type":"binary-expr","locations":[{"start":{"line":28,"column":35},"end":{"line":28,"column":44}},{"start":{"line":28,"column":48},"end":{"line":28,"column":50}}],"line":28},"1":{"loc":{"start":{"line":89,"column":4},"end":{"line":92,"column":5}},"type":"if","locations":[{"start":{"line":89,"column":4},"end":{"line":92,"column":5}},{"start":{},"end":{}}],"line":89},"2":{"loc":{"start":{"line":89,"column":8},"end":{"line":89,"column":29}},"type":"binary-expr","locations":[{"start":{"line":89,"column":8},"end":{"line":89,"column":13}},{"start":{"line":89,"column":17},"end":{"line":89,"column":29}}],"line":89},"3":{"loc":{"start":{"line":90,"column":29},"end":{"line":90,"column":52}},"type":"binary-expr","locations":[{"start":{"line":90,"column":29},"end":{"line":90,"column":46}},{"start":{"line":90,"column":50},"end":{"line":90,"column":52}}],"line":90},"4":{"loc":{"start":{"line":96,"column":23},"end":{"line":96,"column":46}},"type":"binary-expr","locations":[{"start":{"line":96,"column":23},"end":{"line":96,"column":40}},{"start":{"line":96,"column":44},"end":{"line":96,"column":46}}],"line":96},"5":{"loc":{"start":{"line":102,"column":4},"end":{"line":105,"column":5}},"type":"if","locations":[{"start":{"line":102,"column":4},"end":{"line":105,"column":5}},{"start":{},"end":{}}],"line":102},"6":{"loc":{"start":{"line":102,"column":8},"end":{"line":102,"column":27}},"type":"binary-expr","locations":[{"start":{"line":102,"column":8},"end":{"line":102,"column":12}},{"start":{"line":102,"column":16},"end":{"line":102,"column":27}}],"line":102},"7":{"loc":{"start":{"line":103,"column":27},"end":{"line":103,"column":69}},"type":"binary-expr","locations":[{"start":{"line":103,"column":27},"end":{"line":103,"column":63}},{"start":{"line":103,"column":67},"end":{"line":103,"column":69}}],"line":103},"8":{"loc":{"start":{"line":109,"column":21},"end":{"line":109,"column":63}},"type":"binary-expr","locations":[{"start":{"line":109,"column":21},"end":{"line":109,"column":57}},{"start":{"line":109,"column":61},"end":{"line":109,"column":63}}],"line":109},"9":{"loc":{"start":{"line":142,"column":4},"end":{"line":144,"column":5}},"type":"if","locations":[{"start":{"line":142,"column":4},"end":{"line":144,"column":5}},{"start":{},"end":{}}],"line":142},"10":{"loc":{"start":{"line":169,"column":25},"end":{"line":169,"column":59}},"type":"binary-expr","locations":[{"start":{"line":169,"column":25},"end":{"line":169,"column":47}},{"start":{"line":169,"column":51},"end":{"line":169,"column":59}}],"line":169},"11":{"loc":{"start":{"line":179,"column":13},"end":{"line":190,"column":13}},"type":"binary-expr","locations":[{"start":{"line":179,"column":13},"end":{"line":179,"column":48}},{"start":{"line":180,"column":14},"end":{"line":189,"column":21}}],"line":179},"12":{"loc":{"start":{"line":185,"column":25},"end":{"line":185,"column":55}},"type":"binary-expr","locations":[{"start":{"line":185,"column":25},"end":{"line":185,"column":49}},{"start":{"line":185,"column":53},"end":{"line":185,"column":55}}],"line":185},"13":{"loc":{"start":{"line":192,"column":13},"end":{"line":212,"column":13}},"type":"binary-expr","locations":[{"start":{"line":192,"column":13},"end":{"line":192,"column":59}},{"start":{"line":193,"column":14},"end":{"line":211,"column":17}}],"line":192},"14":{"loc":{"start":{"line":198,"column":27},"end":{"line":198,"column":59}},"type":"binary-expr","locations":[{"start":{"line":198,"column":27},"end":{"line":198,"column":53}},{"start":{"line":198,"column":57},"end":{"line":198,"column":59}}],"line":198},"15":{"loc":{"start":{"line":207,"column":27},"end":{"line":207,"column":59}},"type":"binary-expr","locations":[{"start":{"line":207,"column":27},"end":{"line":207,"column":53}},{"start":{"line":207,"column":57},"end":{"line":207,"column":59}}],"line":207},"16":{"loc":{"start":{"line":214,"column":13},"end":{"line":236,"column":13}},"type":"binary-expr","locations":[{"start":{"line":214,"column":13},"end":{"line":214,"column":45}},{"start":{"line":215,"column":14},"end":{"line":235,"column":17}}],"line":214},"17":{"loc":{"start":{"line":220,"column":27},"end":{"line":220,"column":59}},"type":"binary-expr","locations":[{"start":{"line":220,"column":27},"end":{"line":220,"column":53}},{"start":{"line":220,"column":57},"end":{"line":220,"column":59}}],"line":220},"18":{"loc":{"start":{"line":230,"column":27},"end":{"line":230,"column":61}},"type":"binary-expr","locations":[{"start":{"line":230,"column":27},"end":{"line":230,"column":55}},{"start":{"line":230,"column":59},"end":{"line":230,"column":61}}],"line":230},"19":{"loc":{"start":{"line":246,"column":17},"end":{"line":246,"column":74}},"type":"cond-expr","locations":[{"start":{"line":246,"column":31},"end":{"line":246,"column":54}},{"start":{"line":246,"column":57},"end":{"line":246,"column":74}}],"line":246},"20":{"loc":{"start":{"line":250,"column":13},"end":{"line":263,"column":13}},"type":"binary-expr","locations":[{"start":{"line":250,"column":13},"end":{"line":250,"column":23}},{"start":{"line":251,"column":14},"end":{"line":262,"column":21}}],"line":250},"21":{"loc":{"start":{"line":252,"column":33},"end":{"line":252,"column":73}},"type":"cond-expr","locations":[{"start":{"line":252,"column":54},"end":{"line":252,"column":63}},{"start":{"line":252,"column":66},"end":{"line":252,"column":73}}],"line":252},"22":{"loc":{"start":{"line":253,"column":19},"end":{"line":253,"column":77}},"type":"cond-expr","locations":[{"start":{"line":253,"column":40},"end":{"line":253,"column":58}},{"start":{"line":253,"column":61},"end":{"line":253,"column":77}}],"line":253},"23":{"loc":{"start":{"line":254,"column":19},"end":{"line":260,"column":19}},"type":"binary-expr","locations":[{"start":{"line":254,"column":19},"end":{"line":254,"column":40}},{"start":{"line":255,"column":20},"end":{"line":259,"column":26}}],"line":254},"24":{"loc":{"start":{"line":271,"column":39},"end":{"line":271,"column":62}},"type":"binary-expr","locations":[{"start":{"line":271,"column":39},"end":{"line":271,"column":56}},{"start":{"line":271,"column":60},"end":{"line":271,"column":62}}],"line":271},"25":{"loc":{"start":{"line":286,"column":14},"end":{"line":286,"column":37}},"type":"binary-expr","locations":[{"start":{"line":286,"column":14},"end":{"line":286,"column":31}},{"start":{"line":286,"column":35},"end":{"line":286,"column":37}}],"line":286},"26":{"loc":{"start":{"line":315,"column":25},"end":{"line":315,"column":58}},"type":"binary-expr","locations":[{"start":{"line":315,"column":25},"end":{"line":315,"column":44}},{"start":{"line":315,"column":48},"end":{"line":315,"column":58}}],"line":315},"27":{"loc":{"start":{"line":331,"column":23},"end":{"line":331,"column":75}},"type":"binary-expr","locations":[{"start":{"line":331,"column":23},"end":{"line":331,"column":68}},{"start":{"line":331,"column":72},"end":{"line":331,"column":75}}],"line":331},"28":{"loc":{"start":{"line":357,"column":23},"end":{"line":357,"column":58}},"type":"binary-expr","locations":[{"start":{"line":357,"column":23},"end":{"line":357,"column":52}},{"start":{"line":357,"column":56},"end":{"line":357,"column":58}}],"line":357},"29":{"loc":{"start":{"line":367,"column":23},"end":{"line":367,"column":61}},"type":"binary-expr","locations":[{"start":{"line":367,"column":23},"end":{"line":367,"column":55}},{"start":{"line":367,"column":59},"end":{"line":367,"column":61}}],"line":367},"30":{"loc":{"start":{"line":377,"column":23},"end":{"line":377,"column":58}},"type":"binary-expr","locations":[{"start":{"line":377,"column":23},"end":{"line":377,"column":52}},{"start":{"line":377,"column":56},"end":{"line":377,"column":58}}],"line":377},"31":{"loc":{"start":{"line":396,"column":18},"end":{"line":396,"column":60}},"type":"binary-expr","locations":[{"start":{"line":396,"column":18},"end":{"line":396,"column":54}},{"start":{"line":396,"column":58},"end":{"line":396,"column":60}}],"line":396},"32":{"loc":{"start":{"line":424,"column":35},"end":{"line":424,"column":65}},"type":"binary-expr","locations":[{"start":{"line":424,"column":35},"end":{"line":424,"column":55}},{"start":{"line":424,"column":59},"end":{"line":424,"column":65}}],"line":424},"33":{"loc":{"start":{"line":428,"column":64},"end":{"line":428,"column":94}},"type":"binary-expr","locations":[{"start":{"line":428,"column":64},"end":{"line":428,"column":84}},{"start":{"line":428,"column":88},"end":{"line":428,"column":94}}],"line":428},"34":{"loc":{"start":{"line":438,"column":23},"end":{"line":438,"column":61}},"type":"binary-expr","locations":[{"start":{"line":438,"column":23},"end":{"line":438,"column":55}},{"start":{"line":438,"column":59},"end":{"line":438,"column":61}}],"line":438},"35":{"loc":{"start":{"line":450,"column":29},"end":{"line":450,"column":79}},"type":"binary-expr","locations":[{"start":{"line":450,"column":29},"end":{"line":450,"column":70}},{"start":{"line":450,"column":74},"end":{"line":450,"column":79}}],"line":450}},"s":{"0":1,"1":15,"2":15,"3":15,"4":15,"5":6,"6":15,"7":6,"8":6,"9":6,"10":15,"11":1,"12":1,"13":1,"14":15,"15":1,"16":1,"17":1,"18":15,"19":1,"20":1,"21":1,"22":1,"23":15,"24":0,"25":0,"26":0,"27":15,"28":0,"29":0,"30":0,"31":0,"32":15,"33":0,"34":0,"35":0,"36":15,"37":1,"38":1,"39":1,"40":1,"41":1,"42":1,"43":0,"44":1,"45":15,"46":15,"47":15,"48":15,"49":0,"50":0,"51":15,"52":1,"53":0,"54":0,"55":0,"56":0,"57":0,"58":1,"59":0,"60":0,"61":0,"62":0,"63":0,"64":0,"65":0,"66":0,"67":0,"68":0,"69":0},"f":{"0":15,"1":6,"2":6,"3":1,"4":1,"5":1,"6":0,"7":0,"8":0,"9":0,"10":0,"11":1,"12":15,"13":1,"14":0,"15":0,"16":0,"17":0,"18":0,"19":1,"20":0,"21":0,"22":0,"23":0,"24":0,"25":0,"26":0,"27":0,"28":0,"29":0,"30":0},"b":{"0":[15,0],"1":[1,0],"2":[1,1],"3":[1,0],"4":[0,0],"5":[0,0],"6":[0,0],"7":[0,0],"8":[0,0],"9":[15,0],"10":[15,1],"11":[15,13],"12":[13,13],"13":[15,1],"14":[1,1],"15":[1,1],"16":[15,0],"17":[0,0],"18":[0,0],"19":[1,14],"20":[15,0],"21":[0,0],"22":[0,0],"23":[0,0],"24":[15,1],"25":[15,1],"26":[15,1],"27":[15,1],"28":[15,15],"29":[15,15],"30":[15,15],"31":[15,14],"32":[15,1],"33":[15,1],"34":[15,1],"35":[15,1]},"_coverageSchema":"1a1c01bbd47fc00a2c39e90264f33305004495a9","hash":"0ac37a268451e46d7d6cd55c8b1db745081dbc30"}}}